<?xml version='1.0' encoding='UTF-8' ?>
<testsuite name="edu.ucsc.cse118.assignment2.AdvancedInstrumentedTest" tests="26" failures="17" errors="0" skipped="0" time="30.697" timestamp="2022-10-11T03:51:47" hostname="localhost">
  <properties>
    <property name="device" value="Pixel_5_API_32(AVD) - 12" />
    <property name="flavor" value="" />
    <property name="project" value=":app" />
  </properties>
  <testcase name="invisible_message_detail_date" classname="edu.ucsc.cse118.assignment2.AdvancedInstrumentedTest" time="3.783">
    <failure>com.adevinta.android.barista.internal.failurehandler.BaristaException: Could not perform action single click on view (an instance of android.widget.TextView and view.getText() with or without transformation to match: is "Assignment 2" or (view.getParent() is assignable from class &lt;class com.google.android.material.textfield.TextInputLayout&gt; and (view is an instance of android.view.ViewGroup and has descendant matching an instance of android.widget.TextView and view.getText() with or without transformation to match: is "Assignment 2")))
at com.adevinta.android.barista.internal.failurehandler.SpyFailureHandler.resendFirstError(SpyFailureHandler.kt:25)
at com.adevinta.android.barista.internal.PerformActionKt.performActionOnView(PerformAction.kt:50)
at com.adevinta.android.barista.internal.PerformActionKt.performAction(PerformAction.kt:26)
at com.adevinta.android.barista.interaction.BaristaClickInteractions.clickOn(BaristaClickInteractions.kt:24)
at edu.ucsc.cse118.assignment2.AdvancedInstrumentedTest.goToChannel(AdvancedInstrumentedTest.kt:31)
at edu.ucsc.cse118.assignment2.AdvancedInstrumentedTest.goToMessage(AdvancedInstrumentedTest.kt:35)
at edu.ucsc.cse118.assignment2.AdvancedInstrumentedTest.invisible_message_detail_date(AdvancedInstrumentedTest.kt:133)
... 32 trimmed
Caused by: androidx.test.espresso.NoMatchingViewException: No views in hierarchy found matching: ((view has effective visibility &lt;VISIBLE&gt; and view.getGlobalVisibleRect() to return non-empty rectangle) and (an instance of android.widget.TextView and view.getText() with or without transformation to match: is "Assignment 2" or (view.getParent() is assignable from class &lt;class com.google.android.material.textfield.TextInputLayout&gt; and (view is an instance of android.view.ViewGroup and has descendant matching an instance of android.widget.TextView and view.getText() with or without transformation to match: is "Assignment 2"))))

View Hierarchy:
+&gt;DecorView{id=-1, visibility=VISIBLE, width=1080, height=2340, has-focus=false, has-focusable=true, has-window-focus=true, is-clickable=false, is-enabled=true, is-focused=false, is-focusable=false, is-layout-requested=false, is-selected=false, layout-params={(0,0)(fillxfill) ty=BASE_APPLICATION wanim=0x10302fe
fl=LAYOUT_IN_SCREEN LAYOUT_INSET_DECOR SPLIT_TOUCH HARDWARE_ACCELERATED DRAWS_SYSTEM_BAR_BACKGROUNDS
pfl=NO_MOVE_ANIMATION FORCE_DRAW_STATUS_BAR_BACKGROUND FIT_INSETS_CONTROLLED
bhv=DEFAULT
fitSides=}, tag=null, root-is-layout-requested=false, has-input-connection=false, x=0.0, y=0.0, child-count=3}
|
+-&gt;LinearLayout{id=-1, visibility=VISIBLE, width=1080, height=2296, has-focus=false, has-focusable=true, has-window-focus=true, is-clickable=false, is-enabled=true, is-focused=false, is-focusable=false, is-layout-requested=false, is-selected=false, layout-params=android.widget.FrameLayout$LayoutParams&#64;3a77954, tag=null, root-is-layout-requested=false, has-input-connection=false, x=0.0, y=0.0, child-count=2}
|
+--&gt;ViewStub{id=16908723, res-name=action_mode_bar_stub, visibility=GONE, width=0, height=0, has-focus=false, has-focusable=false, has-window-focus=true, is-clickable=false, is-enabled=true, is-focused=false, is-focusable=false, is-layout-requested=true, is-selected=false, layout-params=android.widget.LinearLayout$LayoutParams&#64;3e70fd, tag=null, root-is-layout-requested=false, has-input-connection=false, x=0.0, y=0.0}
|
+--&gt;FrameLayout{id=-1, visibility=VISIBLE, width=1080, height=2230, has-focus=false, has-focusable=true, has-window-focus=true, is-clickable=false, is-enabled=true, is-focused=false, is-focusable=false, is-layout-requested=false, is-selected=false, layout-params=android.widget.LinearLayout$LayoutParams&#64;78aa043, tag=null, root-is-layout-requested=false, has-input-connection=false, x=0.0, y=66.0, child-count=1}
|
+---&gt;ActionBarOverlayLayout{id=2131230865, res-name=decor_content_parent, visibility=VISIBLE, width=1080, height=2230, has-focus=false, has-focusable=true, has-window-focus=true, is-clickable=false, is-enabled=true, is-focused=false, is-focusable=false, is-layout-requested=false, is-selected=false, layout-params=android.widget.FrameLayout$LayoutParams&#64;a6fab3e, tag=null, root-is-layout-requested=false, has-input-connection=false, x=0.0, y=0.0, child-count=2}
|
+----&gt;ContentFrameLayout{id=16908290, res-name=content, visibility=VISIBLE, width=1080, height=2076, has-focus=false, has-focusable=true, has-window-focus=true, is-clickable=false, is-enabled=true, is-focused=false, is-focusable=false, is-layout-requested=false, is-selected=false, layout-params=androidx.appcompat.widget.ActionBarOverlayLayout$LayoutParams&#64;1e89eec, tag=null, root-is-layout-requested=false, has-input-connection=false, x=0.0, y=154.0, child-count=1}
|
+-----&gt;ConstraintLayout{id=-1, visibility=VISIBLE, width=1080, height=2076, has-focus=false, has-focusable=true, has-window-focus=true, is-clickable=false, is-enabled=true, is-focused=false, is-focusable=false, is-layout-requested=false, is-selected=false, layout-params=android.widget.FrameLayout$LayoutParams&#64;5373d4a, tag=null, root-is-layout-requested=false, has-input-connection=false, x=0.0, y=0.0, child-count=1}
|
+------&gt;RecyclerView{id=2131231061, res-name=recyclerview, visibility=VISIBLE, width=1080, height=2076, has-focus=false, has-focusable=true, has-window-focus=true, is-clickable=false, is-enabled=true, is-focused=false, is-focusable=true, is-layout-requested=false, is-selected=false, layout-params=androidx.constraintlayout.widget.ConstraintLayout$LayoutParams&#64;233e416, tag=null, root-is-layout-requested=false, has-input-connection=false, x=0.0, y=0.0, child-count=3}
|
+-------&gt;CardView{id=-1, visibility=VISIBLE, width=1058, height=165, has-focus=false, has-focusable=false, has-window-focus=true, is-clickable=false, is-enabled=true, is-focused=false, is-focusable=false, is-layout-requested=false, is-selected=false, layout-params=androidx.recyclerview.widget.RecyclerView$LayoutParams&#64;445df84, tag=null, root-is-layout-requested=false, has-input-connection=false, x=11.0, y=11.0, child-count=1}
|
+--------&gt;LinearLayout{id=-1, visibility=VISIBLE, width=1058, height=165, has-focus=false, has-focusable=false, has-window-focus=true, is-clickable=false, is-enabled=true, is-focused=false, is-focusable=false, is-layout-requested=false, is-selected=false, layout-params=android.widget.FrameLayout$LayoutParams&#64;42033, tag=null, root-is-layout-requested=false, has-input-connection=false, x=0.0, y=0.0, child-count=2}
|
+---------&gt;MaterialTextView{id=2131231015, res-name=name, visibility=VISIBLE, width=369, height=74, has-focus=false, has-focusable=false, has-window-focus=true, is-clickable=false, is-enabled=true, is-focused=false, is-focusable=false, is-layout-requested=false, is-selected=false, layout-params=android.widget.LinearLayout$LayoutParams&#64;e036ff0, tag=null, root-is-layout-requested=false, has-input-connection=false, x=11.0, y=11.0, text=CSE118 Fall 22, input-type=0, ime-target=false, has-links=false}
|
+---------&gt;MaterialTextView{id=2131230831, res-name=channels, visibility=VISIBLE, width=218, height=59, has-focus=false, has-focusable=false, has-window-focus=true, is-clickable=false, is-enabled=true, is-focused=false, is-focusable=false, is-layout-requested=false, is-selected=false, layout-params=android.widget.LinearLayout$LayoutParams&#64;731f969, tag=null, root-is-layout-requested=false, has-input-connection=false, x=11.0, y=85.0, text=3 Channels, input-type=0, ime-target=false, has-links=false}
|
+-------&gt;CardView{id=-1, visibility=VISIBLE, width=1058, height=165, has-focus=false, has-focusable=false, has-window-focus=true, is-clickable=false, is-enabled=true, is-focused=false, is-focusable=false, is-layout-requested=false, is-selected=false, layout-params=androidx.recyclerview.widget.RecyclerView$LayoutParams&#64;dd68c8f, tag=null, root-is-layout-requested=false, has-input-connection=false, x=11.0, y=198.0, child-count=1}
|
+--------&gt;LinearLayout{id=-1, visibility=VISIBLE, width=1058, height=165, has-focus=false, has-focusable=false, has-window-focus=true, is-clickable=false, is-enabled=true, is-focused=false, is-focusable=false, is-layout-requested=false, is-selected=false, layout-params=android.widget.FrameLayout$LayoutParams&#64;c18cfa, tag=null, root-is-layout-requested=false, has-input-connection=false, x=0.0, y=0.0, child-count=2}
|
+---------&gt;MaterialTextView{id=2131231015, res-name=name, visibility=VISIBLE, width=335, height=74, has-focus=false, has-focusable=false, has-window-focus=true, is-clickable=false, is-enabled=true, is-focused=false, is-focusable=false, is-layout-requested=false, is-selected=false, layout-params=android.widget.LinearLayout$LayoutParams&#64;eb962ab, tag=null, root-is-layout-requested=false, has-input-connection=false, x=11.0, y=11.0, text=No Messages, input-type=0, ime-target=false, has-links=false}
|
+---------&gt;MaterialTextView{id=2131230831, res-name=channels, visibility=VISIBLE, width=218, height=59, has-focus=false, has-focusable=false, has-window-focus=true, is-clickable=false, is-enabled=true, is-focused=false, is-focusable=false, is-layout-requested=false, is-selected=false, layout-params=android.widget.LinearLayout$LayoutParams&#64;c414d08, tag=null, root-is-layout-requested=false, has-input-connection=false, x=11.0, y=85.0, text=2 Channels, input-type=0, ime-target=false, has-links=false}
|
+-------&gt;CardView{id=-1, visibility=VISIBLE, width=1058, height=165, has-focus=false, has-focusable=false, has-window-focus=true, is-clickable=false, is-enabled=true, is-focused=false, is-focusable=false, is-layout-requested=false, is-selected=false, layout-params=androidx.recyclerview.widget.RecyclerView$LayoutParams&#64;20b7ec6, tag=null, root-is-layout-requested=false, has-input-connection=false, x=11.0, y=385.0, child-count=1}
|
+--------&gt;LinearLayout{id=-1, visibility=VISIBLE, width=1058, height=165, has-focus=false, has-focusable=false, has-window-focus=true, is-clickable=false, is-enabled=true, is-focused=false, is-focusable=false, is-layout-requested=false, is-selected=false, layout-params=android.widget.FrameLayout$LayoutParams&#64;ec31dd, tag=null, root-is-layout-requested=false, has-input-connection=false, x=0.0, y=0.0, child-count=2}
|
+---------&gt;MaterialTextView{id=2131231015, res-name=name, visibility=VISIBLE, width=310, height=74, has-focus=false, has-focusable=false, has-window-focus=true, is-clickable=false, is-enabled=true, is-focused=false, is-focusable=false, is-layout-requested=false, is-selected=false, layout-params=android.widget.LinearLayout$LayoutParams&#64;9b0c152, tag=null, root-is-layout-requested=false, has-input-connection=false, x=11.0, y=11.0, text=No Channels, input-type=0, ime-target=false, has-links=false}
|
+---------&gt;MaterialTextView{id=2131230831, res-name=channels, visibility=VISIBLE, width=218, height=59, has-focus=false, has-focusable=false, has-window-focus=true, is-clickable=false, is-enabled=true, is-focused=false, is-focusable=false, is-layout-requested=false, is-selected=false, layout-params=android.widget.LinearLayout$LayoutParams&#64;2957c23, tag=null, root-is-layout-requested=false, has-input-connection=false, x=11.0, y=85.0, text=0 Channels, input-type=0, ime-target=false, has-links=false}
|
+----&gt;ActionBarContainer{id=2131230773, res-name=action_bar_container, visibility=VISIBLE, width=1080, height=154, has-focus=false, has-focusable=false, has-window-focus=true, is-clickable=false, is-enabled=true, is-focused=false, is-focusable=false, is-layout-requested=false, is-selected=false, layout-params=androidx.appcompat.widget.ActionBarOverlayLayout$LayoutParams&#64;ef5a09e, tag=null, root-is-layout-requested=false, has-input-connection=false, x=0.0, y=0.0, child-count=2}
|
+-----&gt;Toolbar{id=2131230771, res-name=action_bar, visibility=VISIBLE, width=1080, height=154, has-focus=false, has-focusable=false, has-window-focus=true, is-clickable=false, is-enabled=true, is-focused=false, is-focusable=false, is-layout-requested=false, is-selected=false, layout-params=android.widget.FrameLayout$LayoutParams&#64;9c8bf95, tag=null, root-is-layout-requested=false, has-input-connection=false, x=0.0, y=0.0, child-count=2}
|
+------&gt;AppCompatTextView{id=-1, visibility=VISIBLE, width=560, height=74, has-focus=false, has-focusable=false, has-window-focus=true, is-clickable=false, is-enabled=true, is-focused=false, is-focusable=false, is-layout-requested=false, is-selected=false, layout-params=androidx.appcompat.widget.Toolbar$LayoutParams&#64;71728aa, tag=null, root-is-layout-requested=false, has-input-connection=false, x=44.0, y=40.0, text=CSE118 Assignment 2, input-type=0, ime-target=false, has-links=false}
|
+------&gt;ActionMenuView{id=-1, visibility=VISIBLE, width=0, height=154, has-focus=false, has-focusable=false, has-window-focus=true, is-clickable=false, is-enabled=true, is-focused=false, is-focusable=false, is-layout-requested=false, is-selected=false, layout-params=androidx.appcompat.widget.Toolbar$LayoutParams&#64;bc4c9b, tag=null, root-is-layout-requested=false, has-input-connection=false, x=1080.0, y=0.0, child-count=0}
|
+-----&gt;ActionBarContextView{id=2131230779, res-name=action_context_bar, visibility=GONE, width=0, height=0, has-focus=false, has-focusable=false, has-window-focus=true, is-clickable=false, is-enabled=true, is-focused=false, is-focusable=false, is-layout-requested=true, is-selected=false, layout-params=android.widget.FrameLayout$LayoutParams&#64;a660838, tag=null, root-is-layout-requested=false, has-input-connection=false, x=0.0, y=0.0, child-count=0}
|
+-&gt;View{id=16908336, res-name=navigationBarBackground, visibility=VISIBLE, width=1080, height=44, has-focus=false, has-focusable=false, has-window-focus=true, is-clickable=false, is-enabled=true, is-focused=false, is-focusable=false, is-layout-requested=false, is-selected=false, layout-params=android.widget.FrameLayout$LayoutParams&#64;742c011, tag=null, root-is-layout-requested=false, has-input-connection=false, x=0.0, y=2296.0}
|
+-&gt;View{id=16908335, res-name=statusBarBackground, visibility=VISIBLE, width=1080, height=66, has-focus=false, has-focusable=false, has-window-focus=true, is-clickable=false, is-enabled=true, is-focused=false, is-focusable=false, is-layout-requested=false, is-selected=false, layout-params=android.widget.FrameLayout$LayoutParams&#64;c172576, tag=null, root-is-layout-requested=false, has-input-connection=false, x=0.0, y=0.0}
at androidx.test.espresso.NoMatchingViewException$Builder.build(NoMatchingViewException.java:5)
at androidx.test.espresso.base.ViewFinderImpl.getView(ViewFinderImpl.java:26)
at androidx.test.espresso.ViewInteraction.doPerform(ViewInteraction.java:4)
at androidx.test.espresso.ViewInteraction.access$100(ViewInteraction.java:1)
at androidx.test.espresso.ViewInteraction$1.call(ViewInteraction.java:2)
at androidx.test.espresso.ViewInteraction$1.call(ViewInteraction.java:1)
at java.util.concurrent.FutureTask.run(FutureTask.java:266)
at android.os.Handler.handleCallback(Handler.java:938)
at android.os.Handler.dispatchMessage(Handler.java:99)
at android.os.Looper.loopOnce(Looper.java:201)
at android.os.Looper.loop(Looper.java:288)
at android.app.ActivityThread.main(ActivityThread.java:7842)
at java.lang.reflect.Method.invoke(Native Method)
at com.android.internal.os.RuntimeInit$MethodAndArgsCaller.run(RuntimeInit.java:548)
at com.android.internal.os.ZygoteInit.main(ZygoteInit.java:1003)</failure>
  </testcase>
  <testcase name="invisible_message_detail_name" classname="edu.ucsc.cse118.assignment2.AdvancedInstrumentedTest" time="1.466">
    <failure>com.adevinta.android.barista.internal.failurehandler.BaristaException: Could not perform action single click on view (an instance of android.widget.TextView and view.getText() with or without transformation to match: is "Assignment 2" or (view.getParent() is assignable from class &lt;class com.google.android.material.textfield.TextInputLayout&gt; and (view is an instance of android.view.ViewGroup and has descendant matching an instance of android.widget.TextView and view.getText() with or without transformation to match: is "Assignment 2")))
at com.adevinta.android.barista.internal.failurehandler.SpyFailureHandler.resendFirstError(SpyFailureHandler.kt:25)
at com.adevinta.android.barista.internal.PerformActionKt.performActionOnView(PerformAction.kt:50)
at com.adevinta.android.barista.internal.PerformActionKt.performAction(PerformAction.kt:26)
at com.adevinta.android.barista.interaction.BaristaClickInteractions.clickOn(BaristaClickInteractions.kt:24)
at edu.ucsc.cse118.assignment2.AdvancedInstrumentedTest.goToChannel(AdvancedInstrumentedTest.kt:31)
at edu.ucsc.cse118.assignment2.AdvancedInstrumentedTest.goToMessage(AdvancedInstrumentedTest.kt:35)
at edu.ucsc.cse118.assignment2.AdvancedInstrumentedTest.invisible_message_detail_name(AdvancedInstrumentedTest.kt:127)
... 32 trimmed
Caused by: androidx.test.espresso.NoMatchingViewException: No views in hierarchy found matching: ((view has effective visibility &lt;VISIBLE&gt; and view.getGlobalVisibleRect() to return non-empty rectangle) and (an instance of android.widget.TextView and view.getText() with or without transformation to match: is "Assignment 2" or (view.getParent() is assignable from class &lt;class com.google.android.material.textfield.TextInputLayout&gt; and (view is an instance of android.view.ViewGroup and has descendant matching an instance of android.widget.TextView and view.getText() with or without transformation to match: is "Assignment 2"))))

View Hierarchy:
+&gt;DecorView{id=-1, visibility=VISIBLE, width=1080, height=2340, has-focus=false, has-focusable=true, has-window-focus=true, is-clickable=false, is-enabled=true, is-focused=false, is-focusable=false, is-layout-requested=false, is-selected=false, layout-params={(0,0)(fillxfill) ty=BASE_APPLICATION wanim=0x10302fe
fl=LAYOUT_IN_SCREEN LAYOUT_INSET_DECOR SPLIT_TOUCH HARDWARE_ACCELERATED DRAWS_SYSTEM_BAR_BACKGROUNDS
pfl=NO_MOVE_ANIMATION FORCE_DRAW_STATUS_BAR_BACKGROUND FIT_INSETS_CONTROLLED
bhv=DEFAULT
fitSides=}, tag=null, root-is-layout-requested=false, has-input-connection=false, x=0.0, y=0.0, child-count=3}
|
+-&gt;LinearLayout{id=-1, visibility=VISIBLE, width=1080, height=2296, has-focus=false, has-focusable=true, has-window-focus=true, is-clickable=false, is-enabled=true, is-focused=false, is-focusable=false, is-layout-requested=false, is-selected=false, layout-params=android.widget.FrameLayout$LayoutParams&#64;12e6393, tag=null, root-is-layout-requested=false, has-input-connection=false, x=0.0, y=0.0, child-count=2}
|
+--&gt;ViewStub{id=16908723, res-name=action_mode_bar_stub, visibility=GONE, width=0, height=0, has-focus=false, has-focusable=false, has-window-focus=true, is-clickable=false, is-enabled=true, is-focused=false, is-focusable=false, is-layout-requested=true, is-selected=false, layout-params=android.widget.LinearLayout$LayoutParams&#64;9c95fd0, tag=null, root-is-layout-requested=false, has-input-connection=false, x=0.0, y=0.0}
|
+--&gt;FrameLayout{id=-1, visibility=VISIBLE, width=1080, height=2230, has-focus=false, has-focusable=true, has-window-focus=true, is-clickable=false, is-enabled=true, is-focused=false, is-focusable=false, is-layout-requested=false, is-selected=false, layout-params=android.widget.LinearLayout$LayoutParams&#64;cb782ce, tag=null, root-is-layout-requested=false, has-input-connection=false, x=0.0, y=66.0, child-count=1}
|
+---&gt;ActionBarOverlayLayout{id=2131230865, res-name=decor_content_parent, visibility=VISIBLE, width=1080, height=2230, has-focus=false, has-focusable=true, has-window-focus=true, is-clickable=false, is-enabled=true, is-focused=false, is-focusable=false, is-layout-requested=false, is-selected=false, layout-params=android.widget.FrameLayout$LayoutParams&#64;768eb85, tag=null, root-is-layout-requested=false, has-input-connection=false, x=0.0, y=0.0, child-count=2}
|
+----&gt;ContentFrameLayout{id=16908290, res-name=content, visibility=VISIBLE, width=1080, height=2076, has-focus=false, has-focusable=true, has-window-focus=true, is-clickable=false, is-enabled=true, is-focused=false, is-focusable=false, is-layout-requested=false, is-selected=false, layout-params=androidx.appcompat.widget.ActionBarOverlayLayout$LayoutParams&#64;fbcb20b, tag=null, root-is-layout-requested=false, has-input-connection=false, x=0.0, y=154.0, child-count=1}
|
+-----&gt;ConstraintLayout{id=-1, visibility=VISIBLE, width=1080, height=2076, has-focus=false, has-focusable=true, has-window-focus=true, is-clickable=false, is-enabled=true, is-focused=false, is-focusable=false, is-layout-requested=false, is-selected=false, layout-params=android.widget.FrameLayout$LayoutParams&#64;c51bb01, tag=null, root-is-layout-requested=false, has-input-connection=false, x=0.0, y=0.0, child-count=1}
|
+------&gt;RecyclerView{id=2131231061, res-name=recyclerview, visibility=VISIBLE, width=1080, height=2076, has-focus=false, has-focusable=true, has-window-focus=true, is-clickable=false, is-enabled=true, is-focused=false, is-focusable=true, is-layout-requested=false, is-selected=false, layout-params=androidx.constraintlayout.widget.ConstraintLayout$LayoutParams&#64;39e063d, tag=null, root-is-layout-requested=false, has-input-connection=false, x=0.0, y=0.0, child-count=3}
|
+-------&gt;CardView{id=-1, visibility=VISIBLE, width=1058, height=165, has-focus=false, has-focusable=false, has-window-focus=true, is-clickable=false, is-enabled=true, is-focused=false, is-focusable=false, is-layout-requested=false, is-selected=false, layout-params=androidx.recyclerview.widget.RecyclerView$LayoutParams&#64;c075783, tag=null, root-is-layout-requested=false, has-input-connection=false, x=11.0, y=11.0, child-count=1}
|
+--------&gt;LinearLayout{id=-1, visibility=VISIBLE, width=1058, height=165, has-focus=false, has-focusable=false, has-window-focus=true, is-clickable=false, is-enabled=true, is-focused=false, is-focusable=false, is-layout-requested=false, is-selected=false, layout-params=android.widget.FrameLayout$LayoutParams&#64;7703b7e, tag=null, root-is-layout-requested=false, has-input-connection=false, x=0.0, y=0.0, child-count=2}
|
+---------&gt;MaterialTextView{id=2131231015, res-name=name, visibility=VISIBLE, width=369, height=74, has-focus=false, has-focusable=false, has-window-focus=true, is-clickable=false, is-enabled=true, is-focused=false, is-focusable=false, is-layout-requested=false, is-selected=false, layout-params=android.widget.LinearLayout$LayoutParams&#64;e5de8df, tag=null, root-is-layout-requested=false, has-input-connection=false, x=11.0, y=11.0, text=CSE118 Fall 22, input-type=0, ime-target=false, has-links=false}
|
+---------&gt;MaterialTextView{id=2131230831, res-name=channels, visibility=VISIBLE, width=218, height=59, has-focus=false, has-focusable=false, has-window-focus=true, is-clickable=false, is-enabled=true, is-focused=false, is-focusable=false, is-layout-requested=false, is-selected=false, layout-params=android.widget.LinearLayout$LayoutParams&#64;66a492c, tag=null, root-is-layout-requested=false, has-input-connection=false, x=11.0, y=85.0, text=3 Channels, input-type=0, ime-target=false, has-links=false}
|
+-------&gt;CardView{id=-1, visibility=VISIBLE, width=1058, height=165, has-focus=false, has-focusable=false, has-window-focus=true, is-clickable=false, is-enabled=true, is-focused=false, is-focusable=false, is-layout-requested=false, is-selected=false, layout-params=androidx.recyclerview.widget.RecyclerView$LayoutParams&#64;b50918a, tag=null, root-is-layout-requested=false, has-input-connection=false, x=11.0, y=198.0, child-count=1}
|
+--------&gt;LinearLayout{id=-1, visibility=VISIBLE, width=1058, height=165, has-focus=false, has-focusable=false, has-window-focus=true, is-clickable=false, is-enabled=true, is-focused=false, is-focusable=false, is-layout-requested=false, is-selected=false, layout-params=android.widget.FrameLayout$LayoutParams&#64;23e6671, tag=null, root-is-layout-requested=false, has-input-connection=false, x=0.0, y=0.0, child-count=2}
|
+---------&gt;MaterialTextView{id=2131231015, res-name=name, visibility=VISIBLE, width=335, height=74, has-focus=false, has-focusable=false, has-window-focus=true, is-clickable=false, is-enabled=true, is-focused=false, is-focusable=false, is-layout-requested=false, is-selected=false, layout-params=android.widget.LinearLayout$LayoutParams&#64;42e3c56, tag=null, root-is-layout-requested=false, has-input-connection=false, x=11.0, y=11.0, text=No Messages, input-type=0, ime-target=false, has-links=false}
|
+---------&gt;MaterialTextView{id=2131230831, res-name=channels, visibility=VISIBLE, width=218, height=59, has-focus=false, has-focusable=false, has-window-focus=true, is-clickable=false, is-enabled=true, is-focused=false, is-focusable=false, is-layout-requested=false, is-selected=false, layout-params=android.widget.LinearLayout$LayoutParams&#64;e9614d7, tag=null, root-is-layout-requested=false, has-input-connection=false, x=11.0, y=85.0, text=2 Channels, input-type=0, ime-target=false, has-links=false}
|
+-------&gt;CardView{id=-1, visibility=VISIBLE, width=1058, height=165, has-focus=false, has-focusable=false, has-window-focus=true, is-clickable=false, is-enabled=true, is-focused=false, is-focusable=false, is-layout-requested=false, is-selected=false, layout-params=androidx.recyclerview.widget.RecyclerView$LayoutParams&#64;601f8ad, tag=null, root-is-layout-requested=false, has-input-connection=false, x=11.0, y=385.0, child-count=1}
|
+--------&gt;LinearLayout{id=-1, visibility=VISIBLE, width=1058, height=165, has-focus=false, has-focusable=false, has-window-focus=true, is-clickable=false, is-enabled=true, is-focused=false, is-focusable=false, is-layout-requested=false, is-selected=false, layout-params=android.widget.FrameLayout$LayoutParams&#64;5810630, tag=null, root-is-layout-requested=false, has-input-connection=false, x=0.0, y=0.0, child-count=2}
|
+---------&gt;MaterialTextView{id=2131231015, res-name=name, visibility=VISIBLE, width=310, height=74, has-focus=false, has-focusable=false, has-window-focus=true, is-clickable=false, is-enabled=true, is-focused=false, is-focusable=false, is-layout-requested=false, is-selected=false, layout-params=android.widget.LinearLayout$LayoutParams&#64;f272a9, tag=null, root-is-layout-requested=false, has-input-connection=false, x=11.0, y=11.0, text=No Channels, input-type=0, ime-target=false, has-links=false}
|
+---------&gt;MaterialTextView{id=2131230831, res-name=channels, visibility=VISIBLE, width=218, height=59, has-focus=false, has-focusable=false, has-window-focus=true, is-clickable=false, is-enabled=true, is-focused=false, is-focusable=false, is-layout-requested=false, is-selected=false, layout-params=android.widget.LinearLayout$LayoutParams&#64;de0802e, tag=null, root-is-layout-requested=false, has-input-connection=false, x=11.0, y=85.0, text=0 Channels, input-type=0, ime-target=false, has-links=false}
|
+----&gt;ActionBarContainer{id=2131230773, res-name=action_bar_container, visibility=VISIBLE, width=1080, height=154, has-focus=false, has-focusable=false, has-window-focus=true, is-clickable=false, is-enabled=true, is-focused=false, is-focusable=false, is-layout-requested=false, is-selected=false, layout-params=androidx.appcompat.widget.ActionBarOverlayLayout$LayoutParams&#64;b569065, tag=null, root-is-layout-requested=false, has-input-connection=false, x=0.0, y=0.0, child-count=2}
|
+-----&gt;Toolbar{id=2131230771, res-name=action_bar, visibility=VISIBLE, width=1080, height=154, has-focus=false, has-focusable=false, has-window-focus=true, is-clickable=false, is-enabled=true, is-focused=false, is-focusable=false, is-layout-requested=false, is-selected=false, layout-params=android.widget.FrameLayout$LayoutParams&#64;e936b48, tag=null, root-is-layout-requested=false, has-input-connection=false, x=0.0, y=0.0, child-count=2}
|
+------&gt;AppCompatTextView{id=-1, visibility=VISIBLE, width=560, height=74, has-focus=false, has-focusable=false, has-window-focus=true, is-clickable=false, is-enabled=true, is-focused=false, is-focusable=false, is-layout-requested=false, is-selected=false, layout-params=androidx.appcompat.widget.Toolbar$LayoutParams&#64;124cde1, tag=null, root-is-layout-requested=false, has-input-connection=false, x=44.0, y=40.0, text=CSE118 Assignment 2, input-type=0, ime-target=false, has-links=false}
|
+------&gt;ActionMenuView{id=-1, visibility=VISIBLE, width=0, height=154, has-focus=false, has-focusable=false, has-window-focus=true, is-clickable=false, is-enabled=true, is-focused=false, is-focusable=false, is-layout-requested=false, is-selected=false, layout-params=androidx.appcompat.widget.Toolbar$LayoutParams&#64;6c6706, tag=null, root-is-layout-requested=false, has-input-connection=false, x=1080.0, y=0.0, child-count=0}
|
+-----&gt;ActionBarContextView{id=2131230779, res-name=action_context_bar, visibility=GONE, width=0, height=0, has-focus=false, has-focusable=false, has-window-focus=true, is-clickable=false, is-enabled=true, is-focused=false, is-focusable=false, is-layout-requested=true, is-selected=false, layout-params=android.widget.FrameLayout$LayoutParams&#64;a2fe1c7, tag=null, root-is-layout-requested=false, has-input-connection=false, x=0.0, y=0.0, child-count=0}
|
+-&gt;View{id=16908336, res-name=navigationBarBackground, visibility=VISIBLE, width=1080, height=44, has-focus=false, has-focusable=false, has-window-focus=true, is-clickable=false, is-enabled=true, is-focused=false, is-focusable=false, is-layout-requested=false, is-selected=false, layout-params=android.widget.FrameLayout$LayoutParams&#64;417f3f4, tag=null, root-is-layout-requested=false, has-input-connection=false, x=0.0, y=2296.0}
|
+-&gt;View{id=16908335, res-name=statusBarBackground, visibility=VISIBLE, width=1080, height=66, has-focus=false, has-focusable=false, has-window-focus=true, is-clickable=false, is-enabled=true, is-focused=false, is-focusable=false, is-layout-requested=false, is-selected=false, layout-params=android.widget.FrameLayout$LayoutParams&#64;d3f671d, tag=null, root-is-layout-requested=false, has-input-connection=false, x=0.0, y=0.0}
at androidx.test.espresso.NoMatchingViewException$Builder.build(NoMatchingViewException.java:5)
at androidx.test.espresso.base.ViewFinderImpl.getView(ViewFinderImpl.java:26)
at androidx.test.espresso.ViewInteraction.doPerform(ViewInteraction.java:4)
at androidx.test.espresso.ViewInteraction.access$100(ViewInteraction.java:1)
at androidx.test.espresso.ViewInteraction$1.call(ViewInteraction.java:2)
at androidx.test.espresso.ViewInteraction$1.call(ViewInteraction.java:1)
at java.util.concurrent.FutureTask.run(FutureTask.java:266)
at android.os.Handler.handleCallback(Handler.java:938)
at android.os.Handler.dispatchMessage(Handler.java:99)
at android.os.Looper.loopOnce(Looper.java:201)
at android.os.Looper.loop(Looper.java:288)
at android.app.ActivityThread.main(ActivityThread.java:7842)
at java.lang.reflect.Method.invoke(Native Method)
at com.android.internal.os.RuntimeInit$MethodAndArgsCaller.run(RuntimeInit.java:548)
at com.android.internal.os.ZygoteInit.main(ZygoteInit.java:1003)</failure>
  </testcase>
  <testcase name="invisible_message_date" classname="edu.ucsc.cse118.assignment2.AdvancedInstrumentedTest" time="0.514">
    <failure>com.adevinta.android.barista.internal.failurehandler.BaristaException: Could not perform action single click on view (an instance of android.widget.TextView and view.getText() with or without transformation to match: is "Assignment 2" or (view.getParent() is assignable from class &lt;class com.google.android.material.textfield.TextInputLayout&gt; and (view is an instance of android.view.ViewGroup and has descendant matching an instance of android.widget.TextView and view.getText() with or without transformation to match: is "Assignment 2")))
at com.adevinta.android.barista.internal.failurehandler.SpyFailureHandler.resendFirstError(SpyFailureHandler.kt:25)
at com.adevinta.android.barista.internal.PerformActionKt.performActionOnView(PerformAction.kt:50)
at com.adevinta.android.barista.internal.PerformActionKt.performAction(PerformAction.kt:26)
at com.adevinta.android.barista.interaction.BaristaClickInteractions.clickOn(BaristaClickInteractions.kt:24)
at edu.ucsc.cse118.assignment2.AdvancedInstrumentedTest.goToChannel(AdvancedInstrumentedTest.kt:31)
at edu.ucsc.cse118.assignment2.AdvancedInstrumentedTest.invisible_message_date(AdvancedInstrumentedTest.kt:102)
... 32 trimmed
Caused by: androidx.test.espresso.NoMatchingViewException: No views in hierarchy found matching: ((view has effective visibility &lt;VISIBLE&gt; and view.getGlobalVisibleRect() to return non-empty rectangle) and (an instance of android.widget.TextView and view.getText() with or without transformation to match: is "Assignment 2" or (view.getParent() is assignable from class &lt;class com.google.android.material.textfield.TextInputLayout&gt; and (view is an instance of android.view.ViewGroup and has descendant matching an instance of android.widget.TextView and view.getText() with or without transformation to match: is "Assignment 2"))))

View Hierarchy:
+&gt;DecorView{id=-1, visibility=VISIBLE, width=1080, height=2340, has-focus=false, has-focusable=true, has-window-focus=true, is-clickable=false, is-enabled=true, is-focused=false, is-focusable=false, is-layout-requested=false, is-selected=false, layout-params={(0,0)(fillxfill) ty=BASE_APPLICATION wanim=0x10302fe
fl=LAYOUT_IN_SCREEN LAYOUT_INSET_DECOR SPLIT_TOUCH HARDWARE_ACCELERATED DRAWS_SYSTEM_BAR_BACKGROUNDS
pfl=NO_MOVE_ANIMATION FORCE_DRAW_STATUS_BAR_BACKGROUND FIT_INSETS_CONTROLLED
bhv=DEFAULT
fitSides=}, tag=null, root-is-layout-requested=false, has-input-connection=false, x=0.0, y=0.0, child-count=3}
|
+-&gt;LinearLayout{id=-1, visibility=VISIBLE, width=1080, height=2296, has-focus=false, has-focusable=true, has-window-focus=true, is-clickable=false, is-enabled=true, is-focused=false, is-focusable=false, is-layout-requested=false, is-selected=false, layout-params=android.widget.FrameLayout$LayoutParams&#64;e77aa6a, tag=null, root-is-layout-requested=false, has-input-connection=false, x=0.0, y=0.0, child-count=2}
|
+--&gt;ViewStub{id=16908723, res-name=action_mode_bar_stub, visibility=GONE, width=0, height=0, has-focus=false, has-focusable=false, has-window-focus=true, is-clickable=false, is-enabled=true, is-focused=false, is-focusable=false, is-layout-requested=true, is-selected=false, layout-params=android.widget.LinearLayout$LayoutParams&#64;6dc0b5b, tag=null, root-is-layout-requested=false, has-input-connection=false, x=0.0, y=0.0}
|
+--&gt;FrameLayout{id=-1, visibility=VISIBLE, width=1080, height=2230, has-focus=false, has-focusable=true, has-window-focus=true, is-clickable=false, is-enabled=true, is-focused=false, is-focusable=false, is-layout-requested=false, is-selected=false, layout-params=android.widget.LinearLayout$LayoutParams&#64;8877cd1, tag=null, root-is-layout-requested=false, has-input-connection=false, x=0.0, y=66.0, child-count=1}
|
+---&gt;ActionBarOverlayLayout{id=2131230865, res-name=decor_content_parent, visibility=VISIBLE, width=1080, height=2230, has-focus=false, has-focusable=true, has-window-focus=true, is-clickable=false, is-enabled=true, is-focused=false, is-focusable=false, is-layout-requested=false, is-selected=false, layout-params=android.widget.FrameLayout$LayoutParams&#64;85e3a4, tag=null, root-is-layout-requested=false, has-input-connection=false, x=0.0, y=0.0, child-count=2}
|
+----&gt;ContentFrameLayout{id=16908290, res-name=content, visibility=VISIBLE, width=1080, height=2076, has-focus=false, has-focusable=true, has-window-focus=true, is-clickable=false, is-enabled=true, is-focused=false, is-focusable=false, is-layout-requested=false, is-selected=false, layout-params=androidx.appcompat.widget.ActionBarOverlayLayout$LayoutParams&#64;b7f1cc2, tag=null, root-is-layout-requested=false, has-input-connection=false, x=0.0, y=154.0, child-count=1}
|
+-----&gt;ConstraintLayout{id=-1, visibility=VISIBLE, width=1080, height=2076, has-focus=false, has-focusable=true, has-window-focus=true, is-clickable=false, is-enabled=true, is-focused=false, is-focusable=false, is-layout-requested=false, is-selected=false, layout-params=android.widget.FrameLayout$LayoutParams&#64;90f9610, tag=null, root-is-layout-requested=false, has-input-connection=false, x=0.0, y=0.0, child-count=1}
|
+------&gt;RecyclerView{id=2131231061, res-name=recyclerview, visibility=VISIBLE, width=1080, height=2076, has-focus=false, has-focusable=true, has-window-focus=true, is-clickable=false, is-enabled=true, is-focused=false, is-focusable=true, is-layout-requested=false, is-selected=false, layout-params=androidx.constraintlayout.widget.ConstraintLayout$LayoutParams&#64;40033c, tag=null, root-is-layout-requested=false, has-input-connection=false, x=0.0, y=0.0, child-count=3}
|
+-------&gt;CardView{id=-1, visibility=VISIBLE, width=1058, height=165, has-focus=false, has-focusable=false, has-window-focus=true, is-clickable=false, is-enabled=true, is-focused=false, is-focusable=false, is-layout-requested=false, is-selected=false, layout-params=androidx.recyclerview.widget.RecyclerView$LayoutParams&#64;407821a, tag=null, root-is-layout-requested=false, has-input-connection=false, x=11.0, y=11.0, child-count=1}
|
+--------&gt;LinearLayout{id=-1, visibility=VISIBLE, width=1058, height=165, has-focus=false, has-focusable=false, has-window-focus=true, is-clickable=false, is-enabled=true, is-focused=false, is-focusable=false, is-layout-requested=false, is-selected=false, layout-params=android.widget.FrameLayout$LayoutParams&#64;a903c41, tag=null, root-is-layout-requested=false, has-input-connection=false, x=0.0, y=0.0, child-count=2}
|
+---------&gt;MaterialTextView{id=2131231015, res-name=name, visibility=VISIBLE, width=369, height=74, has-focus=false, has-focusable=false, has-window-focus=true, is-clickable=false, is-enabled=true, is-focused=false, is-focusable=false, is-layout-requested=false, is-selected=false, layout-params=android.widget.LinearLayout$LayoutParams&#64;d0ba5e6, tag=null, root-is-layout-requested=false, has-input-connection=false, x=11.0, y=11.0, text=CSE118 Fall 22, input-type=0, ime-target=false, has-links=false}
|
+---------&gt;MaterialTextView{id=2131230831, res-name=channels, visibility=VISIBLE, width=218, height=59, has-focus=false, has-focusable=false, has-window-focus=true, is-clickable=false, is-enabled=true, is-focused=false, is-focusable=false, is-layout-requested=false, is-selected=false, layout-params=android.widget.LinearLayout$LayoutParams&#64;65e727, tag=null, root-is-layout-requested=false, has-input-connection=false, x=11.0, y=85.0, text=3 Channels, input-type=0, ime-target=false, has-links=false}
|
+-------&gt;CardView{id=-1, visibility=VISIBLE, width=1058, height=165, has-focus=false, has-focusable=false, has-window-focus=true, is-clickable=false, is-enabled=true, is-focused=false, is-focusable=false, is-layout-requested=false, is-selected=false, layout-params=androidx.recyclerview.widget.RecyclerView$LayoutParams&#64;f635b7d, tag=null, root-is-layout-requested=false, has-input-connection=false, x=11.0, y=198.0, child-count=1}
|
+--------&gt;LinearLayout{id=-1, visibility=VISIBLE, width=1058, height=165, has-focus=false, has-focusable=false, has-window-focus=true, is-clickable=false, is-enabled=true, is-focused=false, is-focusable=false, is-layout-requested=false, is-selected=false, layout-params=android.widget.FrameLayout$LayoutParams&#64;b7ca340, tag=null, root-is-layout-requested=false, has-input-connection=false, x=0.0, y=0.0, child-count=2}
|
+---------&gt;MaterialTextView{id=2131231015, res-name=name, visibility=VISIBLE, width=335, height=74, has-focus=false, has-focusable=false, has-window-focus=true, is-clickable=false, is-enabled=true, is-focused=false, is-focusable=false, is-layout-requested=false, is-selected=false, layout-params=android.widget.LinearLayout$LayoutParams&#64;14f3279, tag=null, root-is-layout-requested=false, has-input-connection=false, x=11.0, y=11.0, text=No Messages, input-type=0, ime-target=false, has-links=false}
|
+---------&gt;MaterialTextView{id=2131230831, res-name=channels, visibility=VISIBLE, width=218, height=59, has-focus=false, has-focusable=false, has-window-focus=true, is-clickable=false, is-enabled=true, is-focused=false, is-focusable=false, is-layout-requested=false, is-selected=false, layout-params=android.widget.LinearLayout$LayoutParams&#64;2af8bbe, tag=null, root-is-layout-requested=false, has-input-connection=false, x=11.0, y=85.0, text=2 Channels, input-type=0, ime-target=false, has-links=false}
|
+-------&gt;CardView{id=-1, visibility=VISIBLE, width=1058, height=165, has-focus=false, has-focusable=false, has-window-focus=true, is-clickable=false, is-enabled=true, is-focused=false, is-focusable=false, is-layout-requested=false, is-selected=false, layout-params=androidx.recyclerview.widget.RecyclerView$LayoutParams&#64;228b36c, tag=null, root-is-layout-requested=false, has-input-connection=false, x=11.0, y=385.0, child-count=1}
|
+--------&gt;LinearLayout{id=-1, visibility=VISIBLE, width=1058, height=165, has-focus=false, has-focusable=false, has-window-focus=true, is-clickable=false, is-enabled=true, is-focused=false, is-focusable=false, is-layout-requested=false, is-selected=false, layout-params=android.widget.FrameLayout$LayoutParams&#64;d4a533b, tag=null, root-is-layout-requested=false, has-input-connection=false, x=0.0, y=0.0, child-count=2}
|
+---------&gt;MaterialTextView{id=2131231015, res-name=name, visibility=VISIBLE, width=310, height=74, has-focus=false, has-focusable=false, has-window-focus=true, is-clickable=false, is-enabled=true, is-focused=false, is-focusable=false, is-layout-requested=false, is-selected=false, layout-params=android.widget.LinearLayout$LayoutParams&#64;8a39a58, tag=null, root-is-layout-requested=false, has-input-connection=false, x=11.0, y=11.0, text=No Channels, input-type=0, ime-target=false, has-links=false}
|
+---------&gt;MaterialTextView{id=2131230831, res-name=channels, visibility=VISIBLE, width=218, height=59, has-focus=false, has-focusable=false, has-window-focus=true, is-clickable=false, is-enabled=true, is-focused=false, is-focusable=false, is-layout-requested=false, is-selected=false, layout-params=android.widget.LinearLayout$LayoutParams&#64;ebfb7b1, tag=null, root-is-layout-requested=false, has-input-connection=false, x=11.0, y=85.0, text=0 Channels, input-type=0, ime-target=false, has-links=false}
|
+----&gt;ActionBarContainer{id=2131230773, res-name=action_bar_container, visibility=VISIBLE, width=1080, height=154, has-focus=false, has-focusable=false, has-window-focus=true, is-clickable=false, is-enabled=true, is-focused=false, is-focusable=false, is-layout-requested=false, is-selected=false, layout-params=androidx.appcompat.widget.ActionBarOverlayLayout$LayoutParams&#64;e40404, tag=null, root-is-layout-requested=false, has-input-connection=false, x=0.0, y=0.0, child-count=2}
|
+-----&gt;Toolbar{id=2131230771, res-name=action_bar, visibility=VISIBLE, width=1080, height=154, has-focus=false, has-focusable=false, has-window-focus=true, is-clickable=false, is-enabled=true, is-focused=false, is-focusable=false, is-layout-requested=false, is-selected=false, layout-params=android.widget.FrameLayout$LayoutParams&#64;121eeb3, tag=null, root-is-layout-requested=false, has-input-connection=false, x=0.0, y=0.0, child-count=2}
|
+------&gt;AppCompatTextView{id=-1, visibility=VISIBLE, width=560, height=74, has-focus=false, has-focusable=false, has-window-focus=true, is-clickable=false, is-enabled=true, is-focused=false, is-focusable=false, is-layout-requested=false, is-selected=false, layout-params=androidx.appcompat.widget.Toolbar$LayoutParams&#64;39f5c70, tag=null, root-is-layout-requested=false, has-input-connection=false, x=44.0, y=40.0, text=CSE118 Assignment 2, input-type=0, ime-target=false, has-links=false}
|
+------&gt;ActionMenuView{id=-1, visibility=VISIBLE, width=0, height=154, has-focus=false, has-focusable=false, has-window-focus=true, is-clickable=false, is-enabled=true, is-focused=false, is-focusable=false, is-layout-requested=false, is-selected=false, layout-params=androidx.appcompat.widget.Toolbar$LayoutParams&#64;7a4abe9, tag=null, root-is-layout-requested=false, has-input-connection=false, x=1080.0, y=0.0, child-count=0}
|
+-----&gt;ActionBarContextView{id=2131230779, res-name=action_context_bar, visibility=GONE, width=0, height=0, has-focus=false, has-focusable=false, has-window-focus=true, is-clickable=false, is-enabled=true, is-focused=false, is-focusable=false, is-layout-requested=true, is-selected=false, layout-params=android.widget.FrameLayout$LayoutParams&#64;cb4606e, tag=null, root-is-layout-requested=false, has-input-connection=false, x=0.0, y=0.0, child-count=0}
|
+-&gt;View{id=16908336, res-name=navigationBarBackground, visibility=VISIBLE, width=1080, height=44, has-focus=false, has-focusable=false, has-window-focus=true, is-clickable=false, is-enabled=true, is-focused=false, is-focusable=false, is-layout-requested=false, is-selected=false, layout-params=android.widget.FrameLayout$LayoutParams&#64;142c30f, tag=null, root-is-layout-requested=false, has-input-connection=false, x=0.0, y=2296.0}
|
+-&gt;View{id=16908335, res-name=statusBarBackground, visibility=VISIBLE, width=1080, height=66, has-focus=false, has-focusable=false, has-window-focus=true, is-clickable=false, is-enabled=true, is-focused=false, is-focusable=false, is-layout-requested=false, is-selected=false, layout-params=android.widget.FrameLayout$LayoutParams&#64;d75cf9c, tag=null, root-is-layout-requested=false, has-input-connection=false, x=0.0, y=0.0}
at androidx.test.espresso.NoMatchingViewException$Builder.build(NoMatchingViewException.java:5)
at androidx.test.espresso.base.ViewFinderImpl.getView(ViewFinderImpl.java:26)
at androidx.test.espresso.ViewInteraction.doPerform(ViewInteraction.java:4)
at androidx.test.espresso.ViewInteraction.access$100(ViewInteraction.java:1)
at androidx.test.espresso.ViewInteraction$1.call(ViewInteraction.java:2)
at androidx.test.espresso.ViewInteraction$1.call(ViewInteraction.java:1)
at java.util.concurrent.FutureTask.run(FutureTask.java:266)
at android.os.Handler.handleCallback(Handler.java:938)
at android.os.Handler.dispatchMessage(Handler.java:99)
at android.os.Looper.loopOnce(Looper.java:201)
at android.os.Looper.loop(Looper.java:288)
at android.app.ActivityThread.main(ActivityThread.java:7842)
at java.lang.reflect.Method.invoke(Native Method)
at com.android.internal.os.RuntimeInit$MethodAndArgsCaller.run(RuntimeInit.java:548)
at com.android.internal.os.ZygoteInit.main(ZygoteInit.java:1003)</failure>
  </testcase>
  <testcase name="visible_message" classname="edu.ucsc.cse118.assignment2.AdvancedInstrumentedTest" time="0.918">
    <failure>com.adevinta.android.barista.internal.failurehandler.BaristaException: Could not perform action single click on view (an instance of android.widget.TextView and view.getText() with or without transformation to match: is "Assignment 2" or (view.getParent() is assignable from class &lt;class com.google.android.material.textfield.TextInputLayout&gt; and (view is an instance of android.view.ViewGroup and has descendant matching an instance of android.widget.TextView and view.getText() with or without transformation to match: is "Assignment 2")))
at com.adevinta.android.barista.internal.failurehandler.SpyFailureHandler.resendFirstError(SpyFailureHandler.kt:25)
at com.adevinta.android.barista.internal.PerformActionKt.performActionOnView(PerformAction.kt:50)
at com.adevinta.android.barista.internal.PerformActionKt.performAction(PerformAction.kt:26)
at com.adevinta.android.barista.interaction.BaristaClickInteractions.clickOn(BaristaClickInteractions.kt:24)
at edu.ucsc.cse118.assignment2.AdvancedInstrumentedTest.goToChannel(AdvancedInstrumentedTest.kt:31)
at edu.ucsc.cse118.assignment2.AdvancedInstrumentedTest.visible_message(AdvancedInstrumentedTest.kt:78)
... 32 trimmed
Caused by: androidx.test.espresso.NoMatchingViewException: No views in hierarchy found matching: ((view has effective visibility &lt;VISIBLE&gt; and view.getGlobalVisibleRect() to return non-empty rectangle) and (an instance of android.widget.TextView and view.getText() with or without transformation to match: is "Assignment 2" or (view.getParent() is assignable from class &lt;class com.google.android.material.textfield.TextInputLayout&gt; and (view is an instance of android.view.ViewGroup and has descendant matching an instance of android.widget.TextView and view.getText() with or without transformation to match: is "Assignment 2"))))

View Hierarchy:
+&gt;DecorView{id=-1, visibility=VISIBLE, width=1080, height=2340, has-focus=false, has-focusable=true, has-window-focus=true, is-clickable=false, is-enabled=true, is-focused=false, is-focusable=false, is-layout-requested=false, is-selected=false, layout-params={(0,0)(fillxfill) ty=BASE_APPLICATION wanim=0x10302fe
fl=LAYOUT_IN_SCREEN LAYOUT_INSET_DECOR SPLIT_TOUCH HARDWARE_ACCELERATED DRAWS_SYSTEM_BAR_BACKGROUNDS
pfl=NO_MOVE_ANIMATION FORCE_DRAW_STATUS_BAR_BACKGROUND FIT_INSETS_CONTROLLED
bhv=DEFAULT
fitSides=}, tag=null, root-is-layout-requested=false, has-input-connection=false, x=0.0, y=0.0, child-count=3}
|
+-&gt;LinearLayout{id=-1, visibility=VISIBLE, width=1080, height=2296, has-focus=false, has-focusable=true, has-window-focus=true, is-clickable=false, is-enabled=true, is-focused=false, is-focusable=false, is-layout-requested=false, is-selected=false, layout-params=android.widget.FrameLayout$LayoutParams&#64;408e0ab, tag=null, root-is-layout-requested=false, has-input-connection=false, x=0.0, y=0.0, child-count=2}
|
+--&gt;ViewStub{id=16908723, res-name=action_mode_bar_stub, visibility=GONE, width=0, height=0, has-focus=false, has-focusable=false, has-window-focus=true, is-clickable=false, is-enabled=true, is-focused=false, is-focusable=false, is-layout-requested=true, is-selected=false, layout-params=android.widget.LinearLayout$LayoutParams&#64;b7df308, tag=null, root-is-layout-requested=false, has-input-connection=false, x=0.0, y=0.0}
|
+--&gt;FrameLayout{id=-1, visibility=VISIBLE, width=1080, height=2230, has-focus=false, has-focusable=true, has-window-focus=true, is-clickable=false, is-enabled=true, is-focused=false, is-focusable=false, is-layout-requested=false, is-selected=false, layout-params=android.widget.LinearLayout$LayoutParams&#64;9c794c6, tag=null, root-is-layout-requested=false, has-input-connection=false, x=0.0, y=66.0, child-count=1}
|
+---&gt;ActionBarOverlayLayout{id=2131230865, res-name=decor_content_parent, visibility=VISIBLE, width=1080, height=2230, has-focus=false, has-focusable=true, has-window-focus=true, is-clickable=false, is-enabled=true, is-focused=false, is-focusable=false, is-layout-requested=false, is-selected=false, layout-params=android.widget.FrameLayout$LayoutParams&#64;70fbfdd, tag=null, root-is-layout-requested=false, has-input-connection=false, x=0.0, y=0.0, child-count=2}
|
+----&gt;ContentFrameLayout{id=16908290, res-name=content, visibility=VISIBLE, width=1080, height=2076, has-focus=false, has-focusable=true, has-window-focus=true, is-clickable=false, is-enabled=true, is-focused=false, is-focusable=false, is-layout-requested=false, is-selected=false, layout-params=androidx.appcompat.widget.ActionBarOverlayLayout$LayoutParams&#64;696ba23, tag=null, root-is-layout-requested=false, has-input-connection=false, x=0.0, y=154.0, child-count=1}
|
+-----&gt;ConstraintLayout{id=-1, visibility=VISIBLE, width=1080, height=2076, has-focus=false, has-focusable=true, has-window-focus=true, is-clickable=false, is-enabled=true, is-focused=false, is-focusable=false, is-layout-requested=false, is-selected=false, layout-params=android.widget.FrameLayout$LayoutParams&#64;3cd7cd9, tag=null, root-is-layout-requested=false, has-input-connection=false, x=0.0, y=0.0, child-count=1}
|
+------&gt;RecyclerView{id=2131231061, res-name=recyclerview, visibility=VISIBLE, width=1080, height=2076, has-focus=false, has-focusable=true, has-window-focus=true, is-clickable=false, is-enabled=true, is-focused=false, is-focusable=true, is-layout-requested=false, is-selected=false, layout-params=androidx.constraintlayout.widget.ConstraintLayout$LayoutParams&#64;3100d95, tag=null, root-is-layout-requested=false, has-input-connection=false, x=0.0, y=0.0, child-count=3}
|
+-------&gt;CardView{id=-1, visibility=VISIBLE, width=1058, height=165, has-focus=false, has-focusable=false, has-window-focus=true, is-clickable=false, is-enabled=true, is-focused=false, is-focusable=false, is-layout-requested=false, is-selected=false, layout-params=androidx.recyclerview.widget.RecyclerView$LayoutParams&#64;fe74a9b, tag=null, root-is-layout-requested=false, has-input-connection=false, x=11.0, y=11.0, child-count=1}
|
+--------&gt;LinearLayout{id=-1, visibility=VISIBLE, width=1058, height=165, has-focus=false, has-focusable=false, has-window-focus=true, is-clickable=false, is-enabled=true, is-focused=false, is-focusable=false, is-layout-requested=false, is-selected=false, layout-params=android.widget.FrameLayout$LayoutParams&#64;e04bb76, tag=null, root-is-layout-requested=false, has-input-connection=false, x=0.0, y=0.0, child-count=2}
|
+---------&gt;MaterialTextView{id=2131231015, res-name=name, visibility=VISIBLE, width=369, height=74, has-focus=false, has-focusable=false, has-window-focus=true, is-clickable=false, is-enabled=true, is-focused=false, is-focusable=false, is-layout-requested=false, is-selected=false, layout-params=android.widget.LinearLayout$LayoutParams&#64;c65f577, tag=null, root-is-layout-requested=false, has-input-connection=false, x=11.0, y=11.0, text=CSE118 Fall 22, input-type=0, ime-target=false, has-links=false}
|
+---------&gt;MaterialTextView{id=2131230831, res-name=channels, visibility=VISIBLE, width=218, height=59, has-focus=false, has-focusable=false, has-window-focus=true, is-clickable=false, is-enabled=true, is-focused=false, is-focusable=false, is-layout-requested=false, is-selected=false, layout-params=android.widget.LinearLayout$LayoutParams&#64;93df5e4, tag=null, root-is-layout-requested=false, has-input-connection=false, x=11.0, y=85.0, text=3 Channels, input-type=0, ime-target=false, has-links=false}
|
+-------&gt;CardView{id=-1, visibility=VISIBLE, width=1058, height=165, has-focus=false, has-focusable=false, has-window-focus=true, is-clickable=false, is-enabled=true, is-focused=false, is-focusable=false, is-layout-requested=false, is-selected=false, layout-params=androidx.recyclerview.widget.RecyclerView$LayoutParams&#64;6791902, tag=null, root-is-layout-requested=false, has-input-connection=false, x=11.0, y=198.0, child-count=1}
|
+--------&gt;LinearLayout{id=-1, visibility=VISIBLE, width=1058, height=165, has-focus=false, has-focusable=false, has-window-focus=true, is-clickable=false, is-enabled=true, is-focused=false, is-focusable=false, is-layout-requested=false, is-selected=false, layout-params=android.widget.FrameLayout$LayoutParams&#64;efa4e49, tag=null, root-is-layout-requested=false, has-input-connection=false, x=0.0, y=0.0, child-count=2}
|
+---------&gt;MaterialTextView{id=2131231015, res-name=name, visibility=VISIBLE, width=335, height=74, has-focus=false, has-focusable=false, has-window-focus=true, is-clickable=false, is-enabled=true, is-focused=false, is-focusable=false, is-layout-requested=false, is-selected=false, layout-params=android.widget.LinearLayout$LayoutParams&#64;9e3c34e, tag=null, root-is-layout-requested=false, has-input-connection=false, x=11.0, y=11.0, text=No Messages, input-type=0, ime-target=false, has-links=false}
|
+---------&gt;MaterialTextView{id=2131230831, res-name=channels, visibility=VISIBLE, width=218, height=59, has-focus=false, has-focusable=false, has-window-focus=true, is-clickable=false, is-enabled=true, is-focused=false, is-focusable=false, is-layout-requested=false, is-selected=false, layout-params=android.widget.LinearLayout$LayoutParams&#64;7d01c6f, tag=null, root-is-layout-requested=false, has-input-connection=false, x=11.0, y=85.0, text=2 Channels, input-type=0, ime-target=false, has-links=false}
|
+-------&gt;CardView{id=-1, visibility=VISIBLE, width=1058, height=165, has-focus=false, has-focusable=false, has-window-focus=true, is-clickable=false, is-enabled=true, is-focused=false, is-focusable=false, is-layout-requested=false, is-selected=false, layout-params=androidx.recyclerview.widget.RecyclerView$LayoutParams&#64;5908605, tag=null, root-is-layout-requested=false, has-input-connection=false, x=11.0, y=385.0, child-count=1}
|
+--------&gt;LinearLayout{id=-1, visibility=VISIBLE, width=1058, height=165, has-focus=false, has-focusable=false, has-window-focus=true, is-clickable=false, is-enabled=true, is-focused=false, is-focusable=false, is-layout-requested=false, is-selected=false, layout-params=android.widget.FrameLayout$LayoutParams&#64;90f9568, tag=null, root-is-layout-requested=false, has-input-connection=false, x=0.0, y=0.0, child-count=2}
|
+---------&gt;MaterialTextView{id=2131231015, res-name=name, visibility=VISIBLE, width=310, height=74, has-focus=false, has-focusable=false, has-window-focus=true, is-clickable=false, is-enabled=true, is-focused=false, is-focusable=false, is-layout-requested=false, is-selected=false, layout-params=android.widget.LinearLayout$LayoutParams&#64;1987d81, tag=null, root-is-layout-requested=false, has-input-connection=false, x=11.0, y=11.0, text=No Channels, input-type=0, ime-target=false, has-links=false}
|
+---------&gt;MaterialTextView{id=2131230831, res-name=channels, visibility=VISIBLE, width=218, height=59, has-focus=false, has-focusable=false, has-window-focus=true, is-clickable=false, is-enabled=true, is-focused=false, is-focusable=false, is-layout-requested=false, is-selected=false, layout-params=android.widget.LinearLayout$LayoutParams&#64;6f0ee26, tag=null, root-is-layout-requested=false, has-input-connection=false, x=11.0, y=85.0, text=0 Channels, input-type=0, ime-target=false, has-links=false}
|
+----&gt;ActionBarContainer{id=2131230773, res-name=action_bar_container, visibility=VISIBLE, width=1080, height=154, has-focus=false, has-focusable=false, has-window-focus=true, is-clickable=false, is-enabled=true, is-focused=false, is-focusable=false, is-layout-requested=false, is-selected=false, layout-params=androidx.appcompat.widget.ActionBarOverlayLayout$LayoutParams&#64;6ce70bd, tag=null, root-is-layout-requested=false, has-input-connection=false, x=0.0, y=0.0, child-count=2}
|
+-----&gt;Toolbar{id=2131230771, res-name=action_bar, visibility=VISIBLE, width=1080, height=154, has-focus=false, has-focusable=false, has-window-focus=true, is-clickable=false, is-enabled=true, is-focused=false, is-focusable=false, is-layout-requested=false, is-selected=false, layout-params=android.widget.FrameLayout$LayoutParams&#64;e0da980, tag=null, root-is-layout-requested=false, has-input-connection=false, x=0.0, y=0.0, child-count=2}
|
+------&gt;AppCompatTextView{id=-1, visibility=VISIBLE, width=560, height=74, has-focus=false, has-focusable=false, has-window-focus=true, is-clickable=false, is-enabled=true, is-focused=false, is-focusable=false, is-layout-requested=false, is-selected=false, layout-params=androidx.appcompat.widget.Toolbar$LayoutParams&#64;e765bb9, tag=null, root-is-layout-requested=false, has-input-connection=false, x=44.0, y=40.0, text=CSE118 Assignment 2, input-type=0, ime-target=false, has-links=false}
|
+------&gt;ActionMenuView{id=-1, visibility=VISIBLE, width=0, height=154, has-focus=false, has-focusable=false, has-window-focus=true, is-clickable=false, is-enabled=true, is-focused=false, is-focusable=false, is-layout-requested=false, is-selected=false, layout-params=androidx.appcompat.widget.Toolbar$LayoutParams&#64;26d9bfe, tag=null, root-is-layout-requested=false, has-input-connection=false, x=1080.0, y=0.0, child-count=0}
|
+-----&gt;ActionBarContextView{id=2131230779, res-name=action_context_bar, visibility=GONE, width=0, height=0, has-focus=false, has-focusable=false, has-window-focus=true, is-clickable=false, is-enabled=true, is-focused=false, is-focusable=false, is-layout-requested=true, is-selected=false, layout-params=android.widget.FrameLayout$LayoutParams&#64;2a6ff5f, tag=null, root-is-layout-requested=false, has-input-connection=false, x=0.0, y=0.0, child-count=0}
|
+-&gt;View{id=16908336, res-name=navigationBarBackground, visibility=VISIBLE, width=1080, height=44, has-focus=false, has-focusable=false, has-window-focus=true, is-clickable=false, is-enabled=true, is-focused=false, is-focusable=false, is-layout-requested=false, is-selected=false, layout-params=android.widget.FrameLayout$LayoutParams&#64;563ddac, tag=null, root-is-layout-requested=false, has-input-connection=false, x=0.0, y=2296.0}
|
+-&gt;View{id=16908335, res-name=statusBarBackground, visibility=VISIBLE, width=1080, height=66, has-focus=false, has-focusable=false, has-window-focus=true, is-clickable=false, is-enabled=true, is-focused=false, is-focusable=false, is-layout-requested=false, is-selected=false, layout-params=android.widget.FrameLayout$LayoutParams&#64;817fa75, tag=null, root-is-layout-requested=false, has-input-connection=false, x=0.0, y=0.0}
at androidx.test.espresso.NoMatchingViewException$Builder.build(NoMatchingViewException.java:5)
at androidx.test.espresso.base.ViewFinderImpl.getView(ViewFinderImpl.java:26)
at androidx.test.espresso.ViewInteraction.doPerform(ViewInteraction.java:4)
at androidx.test.espresso.ViewInteraction.access$100(ViewInteraction.java:1)
at androidx.test.espresso.ViewInteraction$1.call(ViewInteraction.java:2)
at androidx.test.espresso.ViewInteraction$1.call(ViewInteraction.java:1)
at java.util.concurrent.FutureTask.run(FutureTask.java:266)
at android.os.Handler.handleCallback(Handler.java:938)
at android.os.Handler.dispatchMessage(Handler.java:99)
at android.os.Looper.loopOnce(Looper.java:201)
at android.os.Looper.loop(Looper.java:288)
at android.app.ActivityThread.main(ActivityThread.java:7842)
at java.lang.reflect.Method.invoke(Native Method)
at com.android.internal.os.RuntimeInit$MethodAndArgsCaller.run(RuntimeInit.java:548)
at com.android.internal.os.ZygoteInit.main(ZygoteInit.java:1003)</failure>
  </testcase>
  <testcase name="invisible_message" classname="edu.ucsc.cse118.assignment2.AdvancedInstrumentedTest" time="1.663">
    <failure>com.adevinta.android.barista.internal.failurehandler.BaristaException: Could not perform action single click on view (an instance of android.widget.TextView and view.getText() with or without transformation to match: is "Assignment 2" or (view.getParent() is assignable from class &lt;class com.google.android.material.textfield.TextInputLayout&gt; and (view is an instance of android.view.ViewGroup and has descendant matching an instance of android.widget.TextView and view.getText() with or without transformation to match: is "Assignment 2")))
at com.adevinta.android.barista.internal.failurehandler.SpyFailureHandler.resendFirstError(SpyFailureHandler.kt:25)
at com.adevinta.android.barista.internal.PerformActionKt.performActionOnView(PerformAction.kt:50)
at com.adevinta.android.barista.internal.PerformActionKt.performAction(PerformAction.kt:26)
at com.adevinta.android.barista.interaction.BaristaClickInteractions.clickOn(BaristaClickInteractions.kt:24)
at edu.ucsc.cse118.assignment2.AdvancedInstrumentedTest.goToChannel(AdvancedInstrumentedTest.kt:31)
at edu.ucsc.cse118.assignment2.AdvancedInstrumentedTest.invisible_message(AdvancedInstrumentedTest.kt:84)
... 32 trimmed
Caused by: androidx.test.espresso.NoMatchingViewException: No views in hierarchy found matching: ((view has effective visibility &lt;VISIBLE&gt; and view.getGlobalVisibleRect() to return non-empty rectangle) and (an instance of android.widget.TextView and view.getText() with or without transformation to match: is "Assignment 2" or (view.getParent() is assignable from class &lt;class com.google.android.material.textfield.TextInputLayout&gt; and (view is an instance of android.view.ViewGroup and has descendant matching an instance of android.widget.TextView and view.getText() with or without transformation to match: is "Assignment 2"))))

View Hierarchy:
+&gt;DecorView{id=-1, visibility=VISIBLE, width=1080, height=2340, has-focus=false, has-focusable=true, has-window-focus=true, is-clickable=false, is-enabled=true, is-focused=false, is-focusable=false, is-layout-requested=false, is-selected=false, layout-params={(0,0)(fillxfill) ty=BASE_APPLICATION wanim=0x10302fe
fl=LAYOUT_IN_SCREEN LAYOUT_INSET_DECOR SPLIT_TOUCH HARDWARE_ACCELERATED DRAWS_SYSTEM_BAR_BACKGROUNDS
pfl=NO_MOVE_ANIMATION FORCE_DRAW_STATUS_BAR_BACKGROUND FIT_INSETS_CONTROLLED
bhv=DEFAULT
fitSides=}, tag=null, root-is-layout-requested=false, has-input-connection=false, x=0.0, y=0.0, child-count=3}
|
+-&gt;LinearLayout{id=-1, visibility=VISIBLE, width=1080, height=2296, has-focus=false, has-focusable=true, has-window-focus=true, is-clickable=false, is-enabled=true, is-focused=false, is-focusable=false, is-layout-requested=false, is-selected=false, layout-params=android.widget.FrameLayout$LayoutParams&#64;8179471, tag=null, root-is-layout-requested=false, has-input-connection=false, x=0.0, y=0.0, child-count=2}
|
+--&gt;ViewStub{id=16908723, res-name=action_mode_bar_stub, visibility=GONE, width=0, height=0, has-focus=false, has-focusable=false, has-window-focus=true, is-clickable=false, is-enabled=true, is-focused=false, is-focusable=false, is-layout-requested=true, is-selected=false, layout-params=android.widget.LinearLayout$LayoutParams&#64;1aad256, tag=null, root-is-layout-requested=false, has-input-connection=false, x=0.0, y=0.0}
|
+--&gt;FrameLayout{id=-1, visibility=VISIBLE, width=1080, height=2230, has-focus=false, has-focusable=true, has-window-focus=true, is-clickable=false, is-enabled=true, is-focused=false, is-focusable=false, is-layout-requested=false, is-selected=false, layout-params=android.widget.LinearLayout$LayoutParams&#64;be017c4, tag=null, root-is-layout-requested=false, has-input-connection=false, x=0.0, y=66.0, child-count=1}
|
+---&gt;ActionBarOverlayLayout{id=2131230865, res-name=decor_content_parent, visibility=VISIBLE, width=1080, height=2230, has-focus=false, has-focusable=true, has-window-focus=true, is-clickable=false, is-enabled=true, is-focused=false, is-focusable=false, is-layout-requested=false, is-selected=false, layout-params=android.widget.FrameLayout$LayoutParams&#64;89ce573, tag=null, root-is-layout-requested=false, has-input-connection=false, x=0.0, y=0.0, child-count=2}
|
+----&gt;ContentFrameLayout{id=16908290, res-name=content, visibility=VISIBLE, width=1080, height=2076, has-focus=false, has-focusable=true, has-window-focus=true, is-clickable=false, is-enabled=true, is-focused=false, is-focusable=false, is-layout-requested=false, is-selected=false, layout-params=androidx.appcompat.widget.ActionBarOverlayLayout$LayoutParams&#64;70360a9, tag=null, root-is-layout-requested=false, has-input-connection=false, x=0.0, y=154.0, child-count=1}
|
+-----&gt;ConstraintLayout{id=-1, visibility=VISIBLE, width=1080, height=2076, has-focus=false, has-focusable=true, has-window-focus=true, is-clickable=false, is-enabled=true, is-focused=false, is-focusable=false, is-layout-requested=false, is-selected=false, layout-params=android.widget.FrameLayout$LayoutParams&#64;95665cf, tag=null, root-is-layout-requested=false, has-input-connection=false, x=0.0, y=0.0, child-count=1}
|
+------&gt;RecyclerView{id=2131231061, res-name=recyclerview, visibility=VISIBLE, width=1080, height=2076, has-focus=false, has-focusable=true, has-window-focus=true, is-clickable=false, is-enabled=true, is-focused=false, is-focusable=true, is-layout-requested=false, is-selected=false, layout-params=androidx.constraintlayout.widget.ConstraintLayout$LayoutParams&#64;67d8feb, tag=null, root-is-layout-requested=false, has-input-connection=false, x=0.0, y=0.0, child-count=3}
|
+-------&gt;CardView{id=-1, visibility=VISIBLE, width=1058, height=165, has-focus=false, has-focusable=false, has-window-focus=true, is-clickable=false, is-enabled=true, is-focused=false, is-focusable=false, is-layout-requested=false, is-selected=false, layout-params=androidx.recyclerview.widget.RecyclerView$LayoutParams&#64;ea57be1, tag=null, root-is-layout-requested=false, has-input-connection=false, x=11.0, y=11.0, child-count=1}
|
+--------&gt;LinearLayout{id=-1, visibility=VISIBLE, width=1058, height=165, has-focus=false, has-focusable=false, has-window-focus=true, is-clickable=false, is-enabled=true, is-focused=false, is-focusable=false, is-layout-requested=false, is-selected=false, layout-params=android.widget.FrameLayout$LayoutParams&#64;5daf9f4, tag=null, root-is-layout-requested=false, has-input-connection=false, x=0.0, y=0.0, child-count=2}
|
+---------&gt;MaterialTextView{id=2131231015, res-name=name, visibility=VISIBLE, width=369, height=74, has-focus=false, has-focusable=false, has-window-focus=true, is-clickable=false, is-enabled=true, is-focused=false, is-focusable=false, is-layout-requested=false, is-selected=false, layout-params=android.widget.LinearLayout$LayoutParams&#64;d1cf51d, tag=null, root-is-layout-requested=false, has-input-connection=false, x=11.0, y=11.0, text=CSE118 Fall 22, input-type=0, ime-target=false, has-links=false}
|
+---------&gt;MaterialTextView{id=2131230831, res-name=channels, visibility=VISIBLE, width=218, height=59, has-focus=false, has-focusable=false, has-window-focus=true, is-clickable=false, is-enabled=true, is-focused=false, is-focusable=false, is-layout-requested=false, is-selected=false, layout-params=android.widget.LinearLayout$LayoutParams&#64;9716392, tag=null, root-is-layout-requested=false, has-input-connection=false, x=11.0, y=85.0, text=3 Channels, input-type=0, ime-target=false, has-links=false}
|
+-------&gt;CardView{id=-1, visibility=VISIBLE, width=1058, height=165, has-focus=false, has-focusable=false, has-window-focus=true, is-clickable=false, is-enabled=true, is-focused=false, is-focusable=false, is-layout-requested=false, is-selected=false, layout-params=androidx.recyclerview.widget.RecyclerView$LayoutParams&#64;fa7c160, tag=null, root-is-layout-requested=false, has-input-connection=false, x=11.0, y=198.0, child-count=1}
|
+--------&gt;LinearLayout{id=-1, visibility=VISIBLE, width=1058, height=165, has-focus=false, has-focusable=false, has-window-focus=true, is-clickable=false, is-enabled=true, is-focused=false, is-focusable=false, is-layout-requested=false, is-selected=false, layout-params=android.widget.FrameLayout$LayoutParams&#64;68260bf, tag=null, root-is-layout-requested=false, has-input-connection=false, x=0.0, y=0.0, child-count=2}
|
+---------&gt;MaterialTextView{id=2131231015, res-name=name, visibility=VISIBLE, width=335, height=74, has-focus=false, has-focusable=false, has-window-focus=true, is-clickable=false, is-enabled=true, is-focused=false, is-focusable=false, is-layout-requested=false, is-selected=false, layout-params=android.widget.LinearLayout$LayoutParams&#64;1b7938c, tag=null, root-is-layout-requested=false, has-input-connection=false, x=11.0, y=11.0, text=No Messages, input-type=0, ime-target=false, has-links=false}
|
+---------&gt;MaterialTextView{id=2131230831, res-name=channels, visibility=VISIBLE, width=218, height=59, has-focus=false, has-focusable=false, has-window-focus=true, is-clickable=false, is-enabled=true, is-focused=false, is-focusable=false, is-layout-requested=false, is-selected=false, layout-params=android.widget.LinearLayout$LayoutParams&#64;466aad5, tag=null, root-is-layout-requested=false, has-input-connection=false, x=11.0, y=85.0, text=2 Channels, input-type=0, ime-target=false, has-links=false}
|
+-------&gt;CardView{id=-1, visibility=VISIBLE, width=1058, height=165, has-focus=false, has-focusable=false, has-window-focus=true, is-clickable=false, is-enabled=true, is-focused=false, is-focusable=false, is-layout-requested=false, is-selected=false, layout-params=androidx.recyclerview.widget.RecyclerView$LayoutParams&#64;98649db, tag=null, root-is-layout-requested=false, has-input-connection=false, x=11.0, y=385.0, child-count=1}
|
+--------&gt;LinearLayout{id=-1, visibility=VISIBLE, width=1058, height=165, has-focus=false, has-focusable=false, has-window-focus=true, is-clickable=false, is-enabled=true, is-focused=false, is-focusable=false, is-layout-requested=false, is-selected=false, layout-params=android.widget.FrameLayout$LayoutParams&#64;12233b6, tag=null, root-is-layout-requested=false, has-input-connection=false, x=0.0, y=0.0, child-count=2}
|
+---------&gt;MaterialTextView{id=2131231015, res-name=name, visibility=VISIBLE, width=310, height=74, has-focus=false, has-focusable=false, has-window-focus=true, is-clickable=false, is-enabled=true, is-focused=false, is-focusable=false, is-layout-requested=false, is-selected=false, layout-params=android.widget.LinearLayout$LayoutParams&#64;c15a8b7, tag=null, root-is-layout-requested=false, has-input-connection=false, x=11.0, y=11.0, text=No Channels, input-type=0, ime-target=false, has-links=false}
|
+---------&gt;MaterialTextView{id=2131230831, res-name=channels, visibility=VISIBLE, width=218, height=59, has-focus=false, has-focusable=false, has-window-focus=true, is-clickable=false, is-enabled=true, is-focused=false, is-focusable=false, is-layout-requested=false, is-selected=false, layout-params=android.widget.LinearLayout$LayoutParams&#64;32ac824, tag=null, root-is-layout-requested=false, has-input-connection=false, x=11.0, y=85.0, text=0 Channels, input-type=0, ime-target=false, has-links=false}
|
+----&gt;ActionBarContainer{id=2131230773, res-name=action_bar_container, visibility=VISIBLE, width=1080, height=154, has-focus=false, has-focusable=false, has-window-focus=true, is-clickable=false, is-enabled=true, is-focused=false, is-focusable=false, is-layout-requested=false, is-selected=false, layout-params=androidx.appcompat.widget.ActionBarOverlayLayout$LayoutParams&#64;8d21953, tag=null, root-is-layout-requested=false, has-input-connection=false, x=0.0, y=0.0, child-count=2}
|
+-----&gt;Toolbar{id=2131230771, res-name=action_bar, visibility=VISIBLE, width=1080, height=154, has-focus=false, has-focusable=false, has-window-focus=true, is-clickable=false, is-enabled=true, is-focused=false, is-focusable=false, is-layout-requested=false, is-selected=false, layout-params=android.widget.FrameLayout$LayoutParams&#64;bb0038e, tag=null, root-is-layout-requested=false, has-input-connection=false, x=0.0, y=0.0, child-count=2}
|
+------&gt;AppCompatTextView{id=-1, visibility=VISIBLE, width=560, height=74, has-focus=false, has-focusable=false, has-window-focus=true, is-clickable=false, is-enabled=true, is-focused=false, is-focusable=false, is-layout-requested=false, is-selected=false, layout-params=androidx.appcompat.widget.Toolbar$LayoutParams&#64;8daf7af, tag=null, root-is-layout-requested=false, has-input-connection=false, x=44.0, y=40.0, text=CSE118 Assignment 2, input-type=0, ime-target=false, has-links=false}
|
+------&gt;ActionMenuView{id=-1, visibility=VISIBLE, width=0, height=154, has-focus=false, has-focusable=false, has-window-focus=true, is-clickable=false, is-enabled=true, is-focused=false, is-focusable=false, is-layout-requested=false, is-selected=false, layout-params=androidx.appcompat.widget.Toolbar$LayoutParams&#64;d0cf7bc, tag=null, root-is-layout-requested=false, has-input-connection=false, x=1080.0, y=0.0, child-count=0}
|
+-----&gt;ActionBarContextView{id=2131230779, res-name=action_context_bar, visibility=GONE, width=0, height=0, has-focus=false, has-focusable=false, has-window-focus=true, is-clickable=false, is-enabled=true, is-focused=false, is-focusable=false, is-layout-requested=true, is-selected=false, layout-params=android.widget.FrameLayout$LayoutParams&#64;968f345, tag=null, root-is-layout-requested=false, has-input-connection=false, x=0.0, y=0.0, child-count=0}
|
+-&gt;View{id=16908336, res-name=navigationBarBackground, visibility=VISIBLE, width=1080, height=44, has-focus=false, has-focusable=false, has-window-focus=true, is-clickable=false, is-enabled=true, is-focused=false, is-focusable=false, is-layout-requested=false, is-selected=false, layout-params=android.widget.FrameLayout$LayoutParams&#64;82cca9a, tag=null, root-is-layout-requested=false, has-input-connection=false, x=0.0, y=2296.0}
|
+-&gt;View{id=16908335, res-name=statusBarBackground, visibility=VISIBLE, width=1080, height=66, has-focus=false, has-focusable=false, has-window-focus=true, is-clickable=false, is-enabled=true, is-focused=false, is-focusable=false, is-layout-requested=false, is-selected=false, layout-params=android.widget.FrameLayout$LayoutParams&#64;de95fcb, tag=null, root-is-layout-requested=false, has-input-connection=false, x=0.0, y=0.0}
at androidx.test.espresso.NoMatchingViewException$Builder.build(NoMatchingViewException.java:5)
at androidx.test.espresso.base.ViewFinderImpl.getView(ViewFinderImpl.java:26)
at androidx.test.espresso.ViewInteraction.doPerform(ViewInteraction.java:4)
at androidx.test.espresso.ViewInteraction.access$100(ViewInteraction.java:1)
at androidx.test.espresso.ViewInteraction$1.call(ViewInteraction.java:2)
at androidx.test.espresso.ViewInteraction$1.call(ViewInteraction.java:1)
at java.util.concurrent.FutureTask.run(FutureTask.java:266)
at android.os.Handler.handleCallback(Handler.java:938)
at android.os.Handler.dispatchMessage(Handler.java:99)
at android.os.Looper.loopOnce(Looper.java:201)
at android.os.Looper.loop(Looper.java:288)
at android.app.ActivityThread.main(ActivityThread.java:7842)
at java.lang.reflect.Method.invoke(Native Method)
at com.android.internal.os.RuntimeInit$MethodAndArgsCaller.run(RuntimeInit.java:548)
at com.android.internal.os.ZygoteInit.main(ZygoteInit.java:1003)</failure>
  </testcase>
  <testcase name="invisible_message_detail_content" classname="edu.ucsc.cse118.assignment2.AdvancedInstrumentedTest" time="1.105">
    <failure>com.adevinta.android.barista.internal.failurehandler.BaristaException: Could not perform action single click on view (an instance of android.widget.TextView and view.getText() with or without transformation to match: is "Assignment 2" or (view.getParent() is assignable from class &lt;class com.google.android.material.textfield.TextInputLayout&gt; and (view is an instance of android.view.ViewGroup and has descendant matching an instance of android.widget.TextView and view.getText() with or without transformation to match: is "Assignment 2")))
at com.adevinta.android.barista.internal.failurehandler.SpyFailureHandler.resendFirstError(SpyFailureHandler.kt:25)
at com.adevinta.android.barista.internal.PerformActionKt.performActionOnView(PerformAction.kt:50)
at com.adevinta.android.barista.internal.PerformActionKt.performAction(PerformAction.kt:26)
at com.adevinta.android.barista.interaction.BaristaClickInteractions.clickOn(BaristaClickInteractions.kt:24)
at edu.ucsc.cse118.assignment2.AdvancedInstrumentedTest.goToChannel(AdvancedInstrumentedTest.kt:31)
at edu.ucsc.cse118.assignment2.AdvancedInstrumentedTest.goToMessage(AdvancedInstrumentedTest.kt:35)
[...]
|
+-----&gt;Toolbar{id=2131230771, res-name=action_bar, visibility=VISIBLE, width=1080, height=154, has-focus=false, has-focusable=false, has-window-focus=true, is-clickable=false, is-enabled=true, is-focused=false, is-focusable=false, is-layout-requested=false, is-selected=false, layout-params=android.widget.FrameLayout$LayoutParams&#64;18039e7, tag=null, root-is-layout-requested=false, has-input-connection=false, x=0.0, y=0.0, child-count=2}
|
+------&gt;AppCompatTextView{id=-1, visibility=VISIBLE, width=560, height=74, has-focus=false, has-focusable=false, has-window-focus=true, is-clickable=false, is-enabled=true, is-focused=false, is-focusable=false, is-layout-requested=false, is-selected=false, layout-params=androidx.appcompat.widget.Toolbar$LayoutParams&#64;4e73994, tag=null, root-is-layout-requested=false, has-input-connection=false, x=44.0, y=40.0, text=CSE118 Assignment 2, input-type=0, ime-target=false, has-links=false}
|
+------&gt;ActionMenuView{id=-1, visibility=VISIBLE, width=0, height=154, has-focus=false, has-focusable=false, has-window-focus=true, is-clickable=false, is-enabled=true, is-focused=false, is-focusable=false, is-layout-requested=false, is-selected=false, layout-params=androidx.appcompat.widget.Toolbar$LayoutParams&#64;676cc3d, tag=null, root-is-layout-requested=false, has-input-connection=false, x=1080.0, y=0.0, child-count=0}
|
+-----&gt;ActionBarContextView{id=2131230779, res-name=action_context_bar, visibility=GONE, width=0, height=0, has-focus=false, has-focusable=false, has-window-focus=true, is-clickable=false, is-enabled=true, is-focused=false, is-focusable=false, is-layout-requested=true, is-selected=false, layout-params=android.widget.FrameLayout$LayoutParams&#64;6fdbc32, tag=null, root-is-layout-requested=false, has-input-connection=false, x=0.0, y=0.0, child-count=0}
|
+-&gt;View{id=16908336, res-name=navigationBarBackground, visibility=VISIBLE, width=1080, height=44, has-focus=false, has-focusable=false, has-window-focus=true, is-clickable=false, is-enabled=true, is-focused=false, is-focusable=false, is-layout-requested=false, is-selected=false, layout-params=android.widget.FrameLayout$LayoutParams&#64;a0c8d83, tag=null, root-is-layout-requested=false, has-input-connection=false, x=0.0, y=2296.0}
|
+-&gt;View{id=16908335, res-name=statusBarBackground, visibility=VISIBLE, width=1080, height=66, has-focus=false, has-focusable=false, has-window-focus=true, is-clickable=false, is-enabled=true, is-focused=false, is-focusable=false, is-layout-requested=false, is-selected=false, layout-params=android.widget.FrameLayout$LayoutParams&#64;c85b00, tag=null, root-is-layout-requested=false, has-input-connection=false, x=0.0, y=0.0}
at androidx.test.espresso.NoMatchingViewException$Builder.build(NoMatchingViewException.java:5)
at androidx.test.espresso.base.ViewFinderImpl.getView(ViewFinderImpl.java:26)
at androidx.test.espresso.ViewInteraction$2.call(ViewInteraction.java:5)
at androidx.test.espresso.ViewInteraction$2.call(ViewInteraction.java:1)
at java.util.concurrent.FutureTask.run(FutureTask.java:266)
at android.os.Handler.handleCallback(Handler.java:938)
at android.os.Handler.dispatchMessage(Handler.java:99)
at android.os.Looper.loopOnce(Looper.java:201)
at android.os.Looper.loop(Looper.java:288)
at android.app.ActivityThread.main(ActivityThread.java:7842)
at java.lang.reflect.Method.invoke(Native Method)
at com.android.internal.os.RuntimeInit$MethodAndArgsCaller.run(RuntimeInit.java:548)
at com.android.internal.os.ZygoteInit.main(ZygoteInit.java:1003)</failure>
  </testcase>
  <testcase name="channel_three" classname="edu.ucsc.cse118.assignment2.AdvancedInstrumentedTest" time="0.848">
    <failure>com.adevinta.android.barista.internal.failurehandler.BaristaException: No view matching ((an instance of android.widget.TextView and view.getText() with or without transformation to match: is "Assignment 3" or (view.getParent() is assignable from class &lt;class com.google.android.material.textfield.TextInputLayout&gt; and (view is an instance of android.view.ViewGroup and has descendant matching an instance of android.widget.TextView and view.getText() with or without transformation to match: is "Assignment 3")))) was found
at com.adevinta.android.barista.internal.failurehandler.SpyFailureHandler.resendFirstError(SpyFailureHandler.kt:25)
at com.adevinta.android.barista.internal.AssertAnyKt.assertAnyView(AssertAny.kt:40)
at com.adevinta.android.barista.internal.AssertAnyKt.assertAny(AssertAny.kt:18)
at com.adevinta.android.barista.assertion.BaristaVisibilityAssertions.assertDisplayed(BaristaVisibilityAssertions.kt:38)
at edu.ucsc.cse118.assignment2.AdvancedInstrumentedTest.channel_three(AdvancedInstrumentedTest.kt:55)
... 32 trimmed
Caused by: androidx.test.espresso.NoMatchingViewException: No views in hierarchy found matching: (an instance of android.widget.TextView and view.getText() with or without transformation to match: is "Assignment 3" or (view.getParent() is assignable from class &lt;class com.google.android.material.textfield.TextInputLayout&gt; and (view is an instance of android.view.ViewGroup and has descendant matching an instance of android.widget.TextView and view.getText() with or without transformation to match: is "Assignment 3")))

View Hierarchy:
+&gt;DecorView{id=-1, visibility=VISIBLE, width=1080, height=2340, has-focus=false, has-focusable=true, has-window-focus=true, is-clickable=false, is-enabled=true, is-focused=false, is-focusable=false, is-layout-requested=false, is-selected=false, layout-params={(0,0)(fillxfill) ty=BASE_APPLICATION wanim=0x10302fe
fl=LAYOUT_IN_SCREEN LAYOUT_INSET_DECOR SPLIT_TOUCH HARDWARE_ACCELERATED DRAWS_SYSTEM_BAR_BACKGROUNDS
pfl=NO_MOVE_ANIMATION FORCE_DRAW_STATUS_BAR_BACKGROUND FIT_INSETS_CONTROLLED
bhv=DEFAULT
fitSides=}, tag=null, root-is-layout-requested=false, has-input-connection=false, x=0.0, y=0.0, child-count=3}
|
+-&gt;LinearLayout{id=-1, visibility=VISIBLE, width=1080, height=2296, has-focus=false, has-focusable=true, has-window-focus=true, is-clickable=false, is-enabled=true, is-focused=false, is-focusable=false, is-layout-requested=false, is-selected=false, layout-params=android.widget.FrameLayout$LayoutParams&#64;aa8865f, tag=null, root-is-layout-requested=false, has-input-connection=false, x=0.0, y=0.0, child-count=2}
|
+--&gt;ViewStub{id=16908723, res-name=action_mode_bar_stub, visibility=GONE, width=0, height=0, has-focus=false, has-focusable=false, has-window-focus=true, is-clickable=false, is-enabled=true, is-focused=false, is-focusable=false, is-layout-requested=true, is-selected=false, layout-params=android.widget.LinearLayout$LayoutParams&#64;f2c58ac, tag=null, root-is-layout-requested=false, has-input-connection=false, x=0.0, y=0.0}
|
+--&gt;FrameLayout{id=-1, visibility=VISIBLE, width=1080, height=2230, has-focus=false, has-focusable=true, has-window-focus=true, is-clickable=false, is-enabled=true, is-focused=false, is-focusable=false, is-layout-requested=false, is-selected=false, layout-params=android.widget.LinearLayout$LayoutParams&#64;f3bed0a, tag=null, root-is-layout-requested=false, has-input-connection=false, x=0.0, y=66.0, child-count=1}
|
+---&gt;ActionBarOverlayLayout{id=2131230865, res-name=decor_content_parent, visibility=VISIBLE, width=1080, height=2230, has-focus=false, has-focusable=true, has-window-focus=true, is-clickable=false, is-enabled=true, is-focused=false, is-focusable=false, is-layout-requested=false, is-selected=false, layout-params=android.widget.FrameLayout$LayoutParams&#64;c5817f1, tag=null, root-is-layout-requested=false, has-input-connection=false, x=0.0, y=0.0, child-count=2}
|
+----&gt;ContentFrameLayout{id=16908290, res-name=content, visibility=VISIBLE, width=1080, height=2076, has-focus=false, has-focusable=true, has-window-focus=true, is-clickable=false, is-enabled=true, is-focused=false, is-focusable=false, is-layout-requested=false, is-selected=false, layout-params=androidx.appcompat.widget.ActionBarOverlayLayout$LayoutParams&#64;ae6e257, tag=null, root-is-layout-requested=false, has-input-connection=false, x=0.0, y=154.0, child-count=1}
|
+-----&gt;ConstraintLayout{id=-1, visibility=VISIBLE, width=1080, height=2076, has-focus=false, has-focusable=true, has-window-focus=true, is-clickable=false, is-enabled=true, is-focused=false, is-focusable=false, is-layout-requested=false, is-selected=false, layout-params=android.widget.FrameLayout$LayoutParams&#64;9c5422d, tag=null, root-is-layout-requested=false, has-input-connection=false, x=0.0, y=0.0, child-count=1}
|
+------&gt;RecyclerView{id=2131231061, res-name=recyclerview, visibility=VISIBLE, width=1080, height=2076, has-focus=false, has-focusable=true, has-window-focus=true, is-clickable=false, is-enabled=true, is-focused=false, is-focusable=true, is-layout-requested=false, is-selected=false, layout-params=androidx.constraintlayout.widget.ConstraintLayout$LayoutParams&#64;b60d429, tag=null, root-is-layout-requested=false, has-input-connection=false, x=0.0, y=0.0, child-count=3}
|
+-------&gt;CardView{id=-1, visibility=VISIBLE, width=1058, height=165, has-focus=false, has-focusable=false, has-window-focus=true, is-clickable=false, is-enabled=true, is-focused=false, is-focusable=false, is-layout-requested=false, is-selected=false, layout-params=androidx.recyclerview.widget.RecyclerView$LayoutParams&#64;225c54f, tag=null, root-is-layout-requested=false, has-input-connection=false, x=11.0, y=11.0, child-count=1}
|
+--------&gt;LinearLayout{id=-1, visibility=VISIBLE, width=1058, height=165, has-focus=false, has-focusable=false, has-window-focus=true, is-clickable=false, is-enabled=true, is-focused=false, is-focusable=false, is-layout-requested=false, is-selected=false, layout-params=android.widget.FrameLayout$LayoutParams&#64;31acba, tag=null, root-is-layout-requested=false, has-input-connection=false, x=0.0, y=0.0, child-count=2}
|
+---------&gt;MaterialTextView{id=2131231015, res-name=name, visibility=VISIBLE, width=369, height=74, has-focus=false, has-focusable=false, has-window-focus=true, is-clickable=false, is-enabled=true, is-focused=false, is-focusable=false, is-layout-requested=false, is-selected=false, layout-params=android.widget.LinearLayout$LayoutParams&#64;9a3676b, tag=null, root-is-layout-requested=false, has-input-connection=false, x=11.0, y=11.0, text=CSE118 Fall 22, input-type=0, ime-target=false, has-links=false}
|
+---------&gt;MaterialTextView{id=2131230831, res-name=channels, visibility=VISIBLE, width=218, height=59, has-focus=false, has-focusable=false, has-window-focus=true, is-clickable=false, is-enabled=true, is-focused=false, is-focusable=false, is-layout-requested=false, is-selected=false, layout-params=android.widget.LinearLayout$LayoutParams&#64;bd7d2c8, tag=null, root-is-layout-requested=false, has-input-connection=false, x=11.0, y=85.0, text=3 Channels, input-type=0, ime-target=false, has-links=false}
|
+-------&gt;CardView{id=-1, visibility=VISIBLE, width=1058, height=165, has-focus=false, has-focusable=false, has-window-focus=true, is-clickable=false, is-enabled=true, is-focused=false, is-focusable=false, is-layout-requested=false, is-selected=false, layout-params=androidx.recyclerview.widget.RecyclerView$LayoutParams&#64;6bdda86, tag=null, root-is-layout-requested=false, has-input-connection=false, x=11.0, y=198.0, child-count=1}
|
+--------&gt;LinearLayout{id=-1, visibility=VISIBLE, width=1058, height=165, has-focus=false, has-focusable=false, has-window-focus=true, is-clickable=false, is-enabled=true, is-focused=false, is-focusable=false, is-layout-requested=false, is-selected=false, layout-params=android.widget.FrameLayout$LayoutParams&#64;b28109d, tag=null, root-is-layout-requested=false, has-input-connection=false, x=0.0, y=0.0, child-count=2}
|
+---------&gt;MaterialTextView{id=2131231015, res-name=name, visibility=VISIBLE, width=335, height=74, has-focus=false, has-focusable=false, has-window-focus=true, is-clickable=false, is-enabled=true, is-focused=false, is-focusable=false, is-layout-requested=false, is-selected=false, layout-params=android.widget.LinearLayout$LayoutParams&#64;b8d1912, tag=null, root-is-layout-requested=false, has-input-connection=false, x=11.0, y=11.0, text=No Messages, input-type=0, ime-target=false, has-links=false}
|
+---------&gt;MaterialTextView{id=2131230831, res-name=channels, visibility=VISIBLE, width=218, height=59, has-focus=false, has-focusable=false, has-window-focus=true, is-clickable=false, is-enabled=true, is-focused=false, is-focusable=false, is-layout-requested=false, is-selected=false, layout-params=android.widget.LinearLayout$LayoutParams&#64;ea358e3, tag=null, root-is-layout-requested=false, has-input-connection=false, x=11.0, y=85.0, text=2 Channels, input-type=0, ime-target=false, has-links=false}
|
+-------&gt;CardView{id=-1, visibility=VISIBLE, width=1058, height=165, has-focus=false, has-focusable=false, has-window-focus=true, is-clickable=false, is-enabled=true, is-focused=false, is-focusable=false, is-layout-requested=false, is-selected=false, layout-params=androidx.recyclerview.widget.RecyclerView$LayoutParams&#64;dfa1999, tag=null, root-is-layout-requested=false, has-input-connection=false, x=11.0, y=385.0, child-count=1}
|
+--------&gt;LinearLayout{id=-1, visibility=VISIBLE, width=1058, height=165, has-focus=false, has-focusable=false, has-window-focus=true, is-clickable=false, is-enabled=true, is-focused=false, is-focusable=false, is-layout-requested=false, is-selected=false, layout-params=android.widget.FrameLayout$LayoutParams&#64;3599d0c, tag=null, root-is-layout-requested=false, has-input-connection=false, x=0.0, y=0.0, child-count=2}
|
+---------&gt;MaterialTextView{id=2131231015, res-name=name, visibility=VISIBLE, width=310, height=74, has-focus=false, has-focusable=false, has-window-focus=true, is-clickable=false, is-enabled=true, is-focused=false, is-focusable=false, is-layout-requested=false, is-selected=false, layout-params=android.widget.LinearLayout$LayoutParams&#64;e49b655, tag=null, root-is-layout-requested=false, has-input-connection=false, x=11.0, y=11.0, text=No Channels, input-type=0, ime-target=false, has-links=false}
|
+---------&gt;MaterialTextView{id=2131230831, res-name=channels, visibility=VISIBLE, width=218, height=59, has-focus=false, has-focusable=false, has-window-focus=true, is-clickable=false, is-enabled=true, is-focused=false, is-focusable=false, is-layout-requested=false, is-selected=false, layout-params=android.widget.LinearLayout$LayoutParams&#64;5aeb86a, tag=null, root-is-layout-requested=false, has-input-connection=false, x=11.0, y=85.0, text=0 Channels, input-type=0, ime-target=false, has-links=false}
|
+----&gt;ActionBarContainer{id=2131230773, res-name=action_bar_container, visibility=VISIBLE, width=1080, height=154, has-focus=false, has-focusable=false, has-window-focus=true, is-clickable=false, is-enabled=true, is-focused=false, is-focusable=false, is-layout-requested=false, is-selected=false, layout-params=androidx.appcompat.widget.ActionBarOverlayLayout$LayoutParams&#64;6bc62d1, tag=null, root-is-layout-requested=false, has-input-connection=false, x=0.0, y=0.0, child-count=2}
|
+-----&gt;Toolbar{id=2131230771, res-name=action_bar, visibility=VISIBLE, width=1080, height=154, has-focus=false, has-focusable=false, has-window-focus=true, is-clickable=false, is-enabled=true, is-focused=false, is-focusable=false, is-layout-requested=false, is-selected=false, layout-params=android.widget.FrameLayout$LayoutParams&#64;2d481a4, tag=null, root-is-layout-requested=false, has-input-connection=false, x=0.0, y=0.0, child-count=2}
|
+------&gt;AppCompatTextView{id=-1, visibility=VISIBLE, width=560, height=74, has-focus=false, has-focusable=false, has-window-focus=true, is-clickable=false, is-enabled=true, is-focused=false, is-focusable=false, is-layout-requested=false, is-selected=false, layout-params=androidx.appcompat.widget.Toolbar$LayoutParams&#64;cd35b0d, tag=null, root-is-layout-requested=false, has-input-connection=false, x=44.0, y=40.0, text=CSE118 Assignment 2, input-type=0, ime-target=false, has-links=false}
|
+------&gt;ActionMenuView{id=-1, visibility=VISIBLE, width=0, height=154, has-focus=false, has-focusable=false, has-window-focus=true, is-clickable=false, is-enabled=true, is-focused=false, is-focusable=false, is-layout-requested=false, is-selected=false, layout-params=androidx.appcompat.widget.Toolbar$LayoutParams&#64;4c9eac2, tag=null, root-is-layout-requested=false, has-input-connection=false, x=1080.0, y=0.0, child-count=0}
|
+-----&gt;ActionBarContextView{id=2131230779, res-name=action_context_bar, visibility=GONE, width=0, height=0, has-focus=false, has-focusable=false, has-window-focus=true, is-clickable=false, is-enabled=true, is-focused=false, is-focusable=false, is-layout-requested=true, is-selected=false, layout-params=android.widget.FrameLayout$LayoutParams&#64;38c40d3, tag=null, root-is-layout-requested=false, has-input-connection=false, x=0.0, y=0.0, child-count=0}
|
+-&gt;View{id=16908336, res-name=navigationBarBackground, visibility=VISIBLE, width=1080, height=44, has-focus=false, has-focusable=false, has-window-focus=true, is-clickable=false, is-enabled=true, is-focused=false, is-focusable=false, is-layout-requested=false, is-selected=false, layout-params=android.widget.FrameLayout$LayoutParams&#64;4aa1410, tag=null, root-is-layout-requested=false, has-input-connection=false, x=0.0, y=2296.0}
|
+-&gt;View{id=16908335, res-name=statusBarBackground, visibility=VISIBLE, width=1080, height=66, has-focus=false, has-focusable=false, has-window-focus=true, is-clickable=false, is-enabled=true, is-focused=false, is-focusable=false, is-layout-requested=false, is-selected=false, layout-params=android.widget.FrameLayout$LayoutParams&#64;2e79b09, tag=null, root-is-layout-requested=false, has-input-connection=false, x=0.0, y=0.0}
at androidx.test.espresso.NoMatchingViewException$Builder.build(NoMatchingViewException.java:5)
at androidx.test.espresso.base.ViewFinderImpl.getView(ViewFinderImpl.java:26)
at androidx.test.espresso.ViewInteraction$2.call(ViewInteraction.java:5)
at androidx.test.espresso.ViewInteraction$2.call(ViewInteraction.java:1)
at java.util.concurrent.FutureTask.run(FutureTask.java:266)
at android.os.Handler.handleCallback(Handler.java:938)
at android.os.Handler.dispatchMessage(Handler.java:99)
at android.os.Looper.loopOnce(Looper.java:201)
at android.os.Looper.loop(Looper.java:288)
at android.app.ActivityThread.main(ActivityThread.java:7842)
at java.lang.reflect.Method.invoke(Native Method)
at com.android.internal.os.RuntimeInit$MethodAndArgsCaller.run(RuntimeInit.java:548)
at com.android.internal.os.ZygoteInit.main(ZygoteInit.java:1003)</failure>
  </testcase>
  <testcase name="channel_count_three" classname="edu.ucsc.cse118.assignment2.BasicInstrumentedTest" time="0.629" />
  <testcase name="workspace_three" classname="edu.ucsc.cse118.assignment2.BasicInstrumentedTest" time="0.557" />
  <testcase name="initial_login" classname="edu.ucsc.cse118.assignment2.BasicInstrumentedTest" time="0.39" />
  <testcase name="initial_title" classname="edu.ucsc.cse118.assignment2.BasicInstrumentedTest" time="0.427" />
  <testcase name="initial_login_clickable" classname="edu.ucsc.cse118.assignment2.BasicInstrumentedTest" time="0.797" />
  <testcase name="channel_count_one" classname="edu.ucsc.cse118.assignment2.BasicInstrumentedTest" time="0.754" />
  <testcase name="channel_count_two" classname="edu.ucsc.cse118.assignment2.BasicInstrumentedTest" time="0.828" />
  <testcase name="workspace_one" classname="edu.ucsc.cse118.assignment2.BasicInstrumentedTest" time="0.751" />
  <testcase name="workspace_two" classname="edu.ucsc.cse118.assignment2.BasicInstrumentedTest" time="0.937" />
</testsuite>