{"/Users/kemcrawf/Documents/GitHub/CSE-118/Assignment7/src/Logic/CalendarGenerator.js": {"path":"/Users/kemcrawf/Documents/GitHub/CSE-118/Assignment7/src/Logic/CalendarGenerator.js","statementMap":{"0":{"start":{"line":14,"column":14},"end":{"line":14,"column":57}},"1":{"start":{"line":14,"column":40},"end":{"line":14,"column":56}},"2":{"start":{"line":15,"column":19},"end":{"line":15,"column":67}},"3":{"start":{"line":16,"column":18},"end":{"line":16,"column":70}},"4":{"start":{"line":17,"column":20},"end":{"line":17,"column":68}},"5":{"start":{"line":18,"column":16},"end":{"line":18,"column":59}},"6":{"start":{"line":19,"column":13},"end":{"line":19,"column":14}},"7":{"start":{"line":20,"column":4},"end":{"line":33,"column":5}},"8":{"start":{"line":21,"column":8},"end":{"line":23,"column":9}},"9":{"start":{"line":21,"column":21},"end":{"line":21,"column":22}},"10":{"start":{"line":22,"column":12},"end":{"line":22,"column":29}},"11":{"start":{"line":25,"column":16},"end":{"line":25,"column":17}},"12":{"start":{"line":26,"column":8},"end":{"line":29,"column":9}},"13":{"start":{"line":26,"column":21},"end":{"line":26,"column":25}},"14":{"start":{"line":27,"column":12},"end":{"line":27,"column":26}},"15":{"start":{"line":28,"column":12},"end":{"line":28,"column":16}},"16":{"start":{"line":30,"column":8},"end":{"line":32,"column":9}},"17":{"start":{"line":31,"column":12},"end":{"line":31,"column":29}},"18":{"start":{"line":35,"column":4},"end":{"line":42,"column":5}},"19":{"start":{"line":35,"column":17},"end":{"line":35,"column":18}},"20":{"start":{"line":36,"column":8},"end":{"line":41,"column":9}},"21":{"start":{"line":36,"column":21},"end":{"line":36,"column":22}},"22":{"start":{"line":37,"column":12},"end":{"line":37,"column":29}},"23":{"start":{"line":38,"column":12},"end":{"line":40,"column":13}},"24":{"start":{"line":39,"column":16},"end":{"line":39,"column":23}},"25":{"start":{"line":44,"column":4},"end":{"line":44,"column":15}}},"fnMap":{"0":{"name":"(anonymous_0)","decl":{"start":{"line":13,"column":2},"end":{"line":13,"column":3}},"loc":{"start":{"line":13,"column":24},"end":{"line":46,"column":3}},"line":13},"1":{"name":"(anonymous_1)","decl":{"start":{"line":14,"column":35},"end":{"line":14,"column":36}},"loc":{"start":{"line":14,"column":40},"end":{"line":14,"column":56}},"line":14}},"branchMap":{"0":{"loc":{"start":{"line":20,"column":4},"end":{"line":33,"column":5}},"type":"if","locations":[{"start":{"line":20,"column":4},"end":{"line":33,"column":5}},{"start":{"line":24,"column":11},"end":{"line":33,"column":5}}],"line":20},"1":{"loc":{"start":{"line":38,"column":12},"end":{"line":40,"column":13}},"type":"if","locations":[{"start":{"line":38,"column":12},"end":{"line":40,"column":13}},{"start":{},"end":{}}],"line":38}},"s":{"0":20,"1":120,"2":20,"3":20,"4":20,"5":20,"6":20,"7":20,"8":3,"9":3,"10":21,"11":17,"12":17,"13":17,"14":74,"15":74,"16":17,"17":45,"18":20,"19":20,"20":100,"21":100,"22":700,"23":700,"24":20,"25":20},"f":{"0":20,"1":120},"b":{"0":[3,17],"1":[20,680]},"_coverageSchema":"1a1c01bbd47fc00a2c39e90264f33305004495a9","hash":"46bbd228b2489a40a927bf11b87e164a8bed2f90"}
,"/Users/kemcrawf/Documents/GitHub/CSE-118/Assignment7/src/Logic/PostfixCalculator.js": {"path":"/Users/kemcrawf/Documents/GitHub/CSE-118/Assignment7/src/Logic/PostfixCalculator.js","statementMap":{"0":{"start":{"line":15,"column":16},"end":{"line":15,"column":37}},"1":{"start":{"line":16,"column":16},"end":{"line":16,"column":18}},"2":{"start":{"line":18,"column":4},"end":{"line":38,"column":5}},"3":{"start":{"line":19,"column":22},"end":{"line":19,"column":31}},"4":{"start":{"line":20,"column":8},"end":{"line":37,"column":9}},"5":{"start":{"line":21,"column":11},"end":{"line":34,"column":13}},"6":{"start":{"line":22,"column":16},"end":{"line":22,"column":43}},"7":{"start":{"line":24,"column":31},"end":{"line":24,"column":42}},"8":{"start":{"line":25,"column":31},"end":{"line":25,"column":42}},"9":{"start":{"line":26,"column":16},"end":{"line":33,"column":17}},"10":{"start":{"line":27,"column":30},"end":{"line":27,"column":62}},"11":{"start":{"line":27,"column":63},"end":{"line":27,"column":69}},"12":{"start":{"line":28,"column":30},"end":{"line":28,"column":62}},"13":{"start":{"line":28,"column":63},"end":{"line":28,"column":69}},"14":{"start":{"line":29,"column":30},"end":{"line":29,"column":62}},"15":{"start":{"line":29,"column":63},"end":{"line":29,"column":69}},"16":{"start":{"line":30,"column":30},"end":{"line":30,"column":62}},"17":{"start":{"line":30,"column":63},"end":{"line":30,"column":69}},"18":{"start":{"line":31,"column":30},"end":{"line":31,"column":71}},"19":{"start":{"line":31,"column":72},"end":{"line":31,"column":78}},"20":{"start":{"line":32,"column":29},"end":{"line":32,"column":54}},"21":{"start":{"line":36,"column":12},"end":{"line":36,"column":31}},"22":{"start":{"line":39,"column":4},"end":{"line":39,"column":19}}},"fnMap":{"0":{"name":"(anonymous_0)","decl":{"start":{"line":14,"column":2},"end":{"line":14,"column":3}},"loc":{"start":{"line":14,"column":30},"end":{"line":40,"column":3}},"line":14}},"branchMap":{"0":{"loc":{"start":{"line":20,"column":8},"end":{"line":37,"column":9}},"type":"if","locations":[{"start":{"line":20,"column":8},"end":{"line":37,"column":9}},{"start":{"line":35,"column":15},"end":{"line":37,"column":9}}],"line":20},"1":{"loc":{"start":{"line":21,"column":11},"end":{"line":34,"column":13}},"type":"if","locations":[{"start":{"line":21,"column":11},"end":{"line":34,"column":13}},{"start":{"line":23,"column":19},"end":{"line":34,"column":13}}],"line":21},"2":{"loc":{"start":{"line":26,"column":16},"end":{"line":33,"column":17}},"type":"switch","locations":[{"start":{"line":27,"column":20},"end":{"line":27,"column":69}},{"start":{"line":28,"column":20},"end":{"line":28,"column":69}},{"start":{"line":29,"column":20},"end":{"line":29,"column":69}},{"start":{"line":30,"column":20},"end":{"line":30,"column":69}},{"start":{"line":31,"column":20},"end":{"line":31,"column":78}},{"start":{"line":32,"column":20},"end":{"line":32,"column":54}}],"line":26}},"s":{"0":14,"1":14,"2":14,"3":40,"4":40,"5":14,"6":2,"7":12,"8":12,"9":12,"10":4,"11":4,"12":1,"13":1,"14":1,"15":1,"16":2,"17":2,"18":2,"19":2,"20":2,"21":26,"22":10},"f":{"0":14},"b":{"0":[14,26],"1":[2,12],"2":[4,1,1,2,2,2]},"_coverageSchema":"1a1c01bbd47fc00a2c39e90264f33305004495a9","hash":"be6c6467404b33fcd6323923d4d9179337d9cb31"}
,"/Users/kemcrawf/Documents/GitHub/CSE-118/Assignment7/src/UI/CalendarGeneratorView.js": {"path":"/Users/kemcrawf/Documents/GitHub/CSE-118/Assignment7/src/UI/CalendarGeneratorView.js","statementMap":{"0":{"start":{"line":13,"column":30},"end":{"line":87,"column":1}},"1":{"start":{"line":14,"column":17},"end":{"line":14,"column":139}},"2":{"start":{"line":15,"column":31},"end":{"line":15,"column":57}},"3":{"start":{"line":16,"column":36},"end":{"line":16,"column":54}},"4":{"start":{"line":18,"column":22},"end":{"line":27,"column":3}},"5":{"start":{"line":19,"column":4},"end":{"line":23,"column":5}},"6":{"start":{"line":20,"column":6},"end":{"line":20,"column":26}},"7":{"start":{"line":21,"column":6},"end":{"line":21,"column":33}},"8":{"start":{"line":22,"column":6},"end":{"line":22,"column":12}},"9":{"start":{"line":24,"column":15},"end":{"line":24,"column":75}},"10":{"start":{"line":25,"column":4},"end":{"line":25,"column":18}},"11":{"start":{"line":26,"column":4},"end":{"line":26,"column":25}},"12":{"start":{"line":29,"column":25},"end":{"line":47,"column":3}},"13":{"start":{"line":30,"column":14},"end":{"line":30,"column":46}},"14":{"start":{"line":31,"column":14},"end":{"line":31,"column":16}},"15":{"start":{"line":32,"column":4},"end":{"line":45,"column":5}},"16":{"start":{"line":32,"column":17},"end":{"line":32,"column":18}},"17":{"start":{"line":33,"column":8},"end":{"line":41,"column":9}},"18":{"start":{"line":33,"column":21},"end":{"line":33,"column":22}},"19":{"start":{"line":34,"column":12},"end":{"line":36,"column":13}},"20":{"start":{"line":35,"column":16},"end":{"line":35,"column":26}},"21":{"start":{"line":37,"column":12},"end":{"line":37,"column":40}},"22":{"start":{"line":38,"column":12},"end":{"line":40,"column":13}},"23":{"start":{"line":39,"column":16},"end":{"line":39,"column":26}},"24":{"start":{"line":42,"column":8},"end":{"line":44,"column":9}},"25":{"start":{"line":43,"column":12},"end":{"line":43,"column":23}},"26":{"start":{"line":46,"column":4},"end":{"line":46,"column":21}},"27":{"start":{"line":49,"column":2},"end":{"line":51,"column":8}},"28":{"start":{"line":50,"column":6},"end":{"line":50,"column":52}},"29":{"start":{"line":50,"column":24},"end":{"line":50,"column":50}},"30":{"start":{"line":53,"column":2},"end":{"line":86,"column":4}},"31":{"start":{"line":72,"column":35},"end":{"line":72,"column":50}},"32":{"start":{"line":77,"column":35},"end":{"line":77,"column":49}},"33":{"start":{"line":82,"column":35},"end":{"line":82,"column":49}},"34":{"start":{"line":89,"column":15},"end":{"line":114,"column":2}}},"fnMap":{"0":{"name":"(anonymous_0)","decl":{"start":{"line":13,"column":30},"end":{"line":13,"column":31}},"loc":{"start":{"line":13,"column":36},"end":{"line":87,"column":1}},"line":13},"1":{"name":"(anonymous_1)","decl":{"start":{"line":18,"column":22},"end":{"line":18,"column":23}},"loc":{"start":{"line":18,"column":34},"end":{"line":27,"column":3}},"line":18},"2":{"name":"(anonymous_2)","decl":{"start":{"line":29,"column":25},"end":{"line":29,"column":26}},"loc":{"start":{"line":29,"column":35},"end":{"line":47,"column":3}},"line":29},"3":{"name":"(anonymous_3)","decl":{"start":{"line":49,"column":12},"end":{"line":49,"column":13}},"loc":{"start":{"line":49,"column":18},"end":{"line":51,"column":3}},"line":49},"4":{"name":"(anonymous_4)","decl":{"start":{"line":50,"column":18},"end":{"line":50,"column":19}},"loc":{"start":{"line":50,"column":24},"end":{"line":50,"column":50}},"line":50},"5":{"name":"(anonymous_5)","decl":{"start":{"line":72,"column":29},"end":{"line":72,"column":30}},"loc":{"start":{"line":72,"column":35},"end":{"line":72,"column":50}},"line":72},"6":{"name":"(anonymous_6)","decl":{"start":{"line":77,"column":29},"end":{"line":77,"column":30}},"loc":{"start":{"line":77,"column":35},"end":{"line":77,"column":49}},"line":77},"7":{"name":"(anonymous_7)","decl":{"start":{"line":82,"column":29},"end":{"line":82,"column":30}},"loc":{"start":{"line":82,"column":35},"end":{"line":82,"column":49}},"line":82}},"branchMap":{"0":{"loc":{"start":{"line":19,"column":4},"end":{"line":23,"column":5}},"type":"if","locations":[{"start":{"line":19,"column":4},"end":{"line":23,"column":5}},{"start":{},"end":{}}],"line":19},"1":{"loc":{"start":{"line":34,"column":12},"end":{"line":36,"column":13}},"type":"if","locations":[{"start":{"line":34,"column":12},"end":{"line":36,"column":13}},{"start":{},"end":{}}],"line":34},"2":{"loc":{"start":{"line":38,"column":12},"end":{"line":40,"column":13}},"type":"if","locations":[{"start":{"line":38,"column":12},"end":{"line":40,"column":13}},{"start":{},"end":{}}],"line":38},"3":{"loc":{"start":{"line":42,"column":8},"end":{"line":44,"column":9}},"type":"if","locations":[{"start":{"line":42,"column":8},"end":{"line":44,"column":9}},{"start":{},"end":{}}],"line":42}},"s":{"0":1,"1":12,"2":12,"3":12,"4":12,"5":4,"6":1,"7":1,"8":1,"9":3,"10":3,"11":3,"12":12,"13":8,"14":8,"15":8,"16":8,"17":48,"18":48,"19":336,"20":134,"21":336,"22":336,"23":288,"24":48,"25":40,"26":8,"27":12,"28":4,"29":4,"30":12,"31":2,"32":1,"33":1,"34":1},"f":{"0":12,"1":4,"2":8,"3":4,"4":4,"5":2,"6":1,"7":1},"b":{"0":[1,3],"1":[134,202],"2":[288,48],"3":[40,8]},"_coverageSchema":"1a1c01bbd47fc00a2c39e90264f33305004495a9","hash":"7305becd21b7e1dfe117fac1eaa4490eff00701a"}
,"/Users/kemcrawf/Documents/GitHub/CSE-118/Assignment7/src/UI/PostfixCalculatorView.js": {"path":"/Users/kemcrawf/Documents/GitHub/CSE-118/Assignment7/src/UI/PostfixCalculatorView.js","statementMap":{"0":{"start":{"line":13,"column":30},"end":{"line":63,"column":1}},"1":{"start":{"line":14,"column":33},"end":{"line":14,"column":49}},"2":{"start":{"line":15,"column":32},"end":{"line":15,"column":48}},"3":{"start":{"line":17,"column":21},"end":{"line":23,"column":5}},"4":{"start":{"line":18,"column":8},"end":{"line":22,"column":9}},"5":{"start":{"line":19,"column":12},"end":{"line":19,"column":55}},"6":{"start":{"line":21,"column":12},"end":{"line":21,"column":24}},"7":{"start":{"line":25,"column":18},"end":{"line":28,"column":5}},"8":{"start":{"line":26,"column":8},"end":{"line":26,"column":25}},"9":{"start":{"line":27,"column":8},"end":{"line":27,"column":22}},"10":{"start":{"line":30,"column":4},"end":{"line":62,"column":6}},"11":{"start":{"line":53,"column":35},"end":{"line":53,"column":45}},"12":{"start":{"line":58,"column":35},"end":{"line":58,"column":42}},"13":{"start":{"line":65,"column":15},"end":{"line":95,"column":2}}},"fnMap":{"0":{"name":"(anonymous_0)","decl":{"start":{"line":13,"column":30},"end":{"line":13,"column":31}},"loc":{"start":{"line":13,"column":36},"end":{"line":63,"column":1}},"line":13},"1":{"name":"(anonymous_1)","decl":{"start":{"line":17,"column":21},"end":{"line":17,"column":22}},"loc":{"start":{"line":17,"column":27},"end":{"line":23,"column":5}},"line":17},"2":{"name":"(anonymous_2)","decl":{"start":{"line":25,"column":18},"end":{"line":25,"column":19}},"loc":{"start":{"line":25,"column":24},"end":{"line":28,"column":5}},"line":25},"3":{"name":"(anonymous_3)","decl":{"start":{"line":53,"column":29},"end":{"line":53,"column":30}},"loc":{"start":{"line":53,"column":35},"end":{"line":53,"column":45}},"line":53},"4":{"name":"(anonymous_4)","decl":{"start":{"line":58,"column":29},"end":{"line":58,"column":30}},"loc":{"start":{"line":58,"column":35},"end":{"line":58,"column":42}},"line":58}},"branchMap":{},"s":{"0":1,"1":13,"2":13,"3":13,"4":4,"5":4,"6":2,"7":13,"8":1,"9":1,"10":13,"11":4,"12":1,"13":1},"f":{"0":13,"1":4,"2":1,"3":4,"4":1},"b":{},"_coverageSchema":"1a1c01bbd47fc00a2c39e90264f33305004495a9","hash":"9c2779022e2b4165980bf5d0557bf2b3b464d4d4"}
}
