TN:
SF:src/Logic/CalendarGenerator.js
FN:13,(anonymous_0)
FN:14,(anonymous_1)
FNF:2
FNH:2
FNDA:20,(anonymous_0)
FNDA:120,(anonymous_1)
DA:14,120
DA:15,20
DA:16,20
DA:17,20
DA:18,20
DA:19,20
DA:20,20
DA:21,3
DA:22,21
DA:25,17
DA:26,17
DA:27,74
DA:28,74
DA:30,17
DA:31,45
DA:35,20
DA:36,100
DA:37,700
DA:38,700
DA:39,20
DA:44,20
LF:21
LH:21
BRDA:20,0,0,3
BRDA:20,0,1,17
BRDA:38,1,0,20
BRDA:38,1,1,680
BRF:4
BRH:4
end_of_record
TN:
SF:src/Logic/PostfixCalculator.js
FN:14,(anonymous_0)
FNF:1
FNH:1
FNDA:14,(anonymous_0)
DA:15,14
DA:16,14
DA:18,14
DA:19,40
DA:20,40
DA:21,14
DA:22,2
DA:24,12
DA:25,12
DA:26,12
DA:27,4
DA:28,1
DA:29,1
DA:30,2
DA:31,2
DA:32,2
DA:36,26
DA:39,10
LF:18
LH:18
BRDA:20,0,0,14
BRDA:20,0,1,26
BRDA:21,1,0,2
BRDA:21,1,1,12
BRDA:26,2,0,4
BRDA:26,2,1,1
BRDA:26,2,2,1
BRDA:26,2,3,2
BRDA:26,2,4,2
BRDA:26,2,5,2
BRF:10
BRH:10
end_of_record
TN:
SF:src/UI/CalendarGeneratorView.js
FN:13,(anonymous_0)
FN:18,(anonymous_1)
FN:29,(anonymous_2)
FN:49,(anonymous_3)
FN:50,(anonymous_4)
FN:72,(anonymous_5)
FN:77,(anonymous_6)
FN:82,(anonymous_7)
FNF:8
FNH:8
FNDA:12,(anonymous_0)
FNDA:4,(anonymous_1)
FNDA:8,(anonymous_2)
FNDA:4,(anonymous_3)
FNDA:4,(anonymous_4)
FNDA:2,(anonymous_5)
FNDA:1,(anonymous_6)
FNDA:1,(anonymous_7)
DA:13,1
DA:14,12
DA:15,12
DA:16,12
DA:18,12
DA:19,4
DA:20,1
DA:21,1
DA:22,1
DA:24,3
DA:25,3
DA:26,3
DA:29,12
DA:30,8
DA:31,8
DA:32,8
DA:33,48
DA:34,336
DA:35,134
DA:37,336
DA:38,336
DA:39,288
DA:42,48
DA:43,40
DA:46,8
DA:49,12
DA:50,4
DA:53,12
DA:72,2
DA:77,1
DA:82,1
DA:89,1
LF:32
LH:32
BRDA:19,0,0,1
BRDA:19,0,1,3
BRDA:34,1,0,134
BRDA:34,1,1,202
BRDA:38,2,0,288
BRDA:38,2,1,48
BRDA:42,3,0,40
BRDA:42,3,1,8
BRF:8
BRH:8
end_of_record
TN:
SF:src/UI/PostfixCalculatorView.js
FN:13,(anonymous_0)
FN:17,(anonymous_1)
FN:25,(anonymous_2)
FN:53,(anonymous_3)
FN:58,(anonymous_4)
FNF:5
FNH:5
FNDA:13,(anonymous_0)
FNDA:4,(anonymous_1)
FNDA:1,(anonymous_2)
FNDA:4,(anonymous_3)
FNDA:1,(anonymous_4)
DA:13,1
DA:14,13
DA:15,13
DA:17,13
DA:18,4
DA:19,4
DA:21,2
DA:25,13
DA:26,1
DA:27,1
DA:30,13
DA:53,4
DA:58,1
DA:65,1
LF:14
LH:14
BRF:0
BRH:0
end_of_record
